[2026-05-13 01:13:27] 🚀 SCALPER MERGED STARTED — Normal + Crypto + Sniper (Breakout/Impulse/Reversion)
[2026-05-13 01:13:27] 📌 Session start: $2351.32
[2026-05-13 01:17:04] ⚙ SETTINGS updated: metals_time_filter=0
[2026-05-13 01:25:01] ✅ [normal] BUY XAUUSD score=0.80 lot=0.02 sl=4717.41000 tp=4739.36000 rr=2.5 h1=UP
[2026-05-13 01:31:06] ✅ [normal] BUY XAGUSD score=0.62 lot=0.03 sl=86.76700 tp=87.06500 rr=2.5 h1=UP
[2026-05-13 01:33:05] ✅ [normal] BUY XAGUSD score=0.55 lot=0.02 sl=86.76700 tp=87.27100 rr=2.5 h1=UP
[2026-05-13 01:37:28] 📈 TRAIL BUY XAGUSD SL 86.76700 → 86.83600
[2026-05-13 01:37:30] 📈 TRAIL BUY XAGUSD SL 86.83600 → 86.88600
[2026-05-13 01:37:30] ✅ [normal] BUY XAGUSD score=0.59 lot=0.02 sl=86.81100 tp=87.33900 rr=2.5 h1=UP
[2026-05-13 01:37:33] 📈 TRAIL BUY XAGUSD SL 86.88600 → 86.90700
[2026-05-13 01:38:45] 📈 TRAIL BUY XAGUSD SL 86.90700 → 86.93200
[2026-05-13 01:38:51] 📈 TRAIL BUY XAGUSD SL 86.76700 → 86.85400
[2026-05-13 01:38:53] 📈 TRAIL BUY XAGUSD SL 86.85400 → 86.92600
[2026-05-13 01:38:55] 📈 TRAIL BUY XAGUSD SL 86.92600 → 86.95200
[2026-05-13 01:39:31] 📈 TRAIL BUY XAGUSD SL 86.95200 → 86.96600
[2026-05-13 01:39:49] 🛑 SL CASCADE XAGUSD — ticket #1292656144 hit SL, closing 1 losing sibling(s)
[2026-05-13 01:39:49] 🔴 CASCADE CLOSED BUY XAGUSD #1292667475 lot=0.02 P&L=-$0.60
[2026-05-13 01:41:07] ✅ [normal] BUY XAGUSD score=0.61 lot=0.01 sl=86.82600 tp=87.48100 rr=2.5 h1=UP
[2026-05-13 01:42:09] 🛑 SL CASCADE XAGUSD — ticket #1292652931 hit SL, closing 1 losing sibling(s)
[2026-05-13 01:42:09] 🔴 CASCADE CLOSED BUY XAGUSD #1292676022 lot=0.01 P&L=-$4.95
[2026-05-13 01:44:15] ✅ [normal] BUY XAGUSD score=0.62 lot=0.01 sl=86.89000 tp=87.54400 rr=2.5 h1=UP
[2026-05-13 01:45:29] ✅ [normal] BUY XAGUSD score=0.63 lot=0.01 sl=86.89000 tp=87.87400 rr=2.5 h1=UP
[2026-05-13 01:53:16] ✅ [normal] BUY XAGUSD score=0.69 lot=0.01 sl=86.87700 tp=87.78000 rr=2.5 h1=UP
[2026-05-13 01:53:36] ✅ [normal] BUY XAGUSD score=0.74 lot=0.01 sl=86.87700 tp=88.31200 rr=2.5 h1=UP
[2026-05-13 02:03:19] 📈 TRAIL BUY XAGUSD SL 86.87700 → 87.03600
[2026-05-13 02:03:21] 📈 TRAIL BUY XAGUSD SL 87.03600 → 87.18800
[2026-05-13 02:03:23] 📈 TRAIL BUY XAGUSD SL 87.18800 → 87.23000
[2026-05-13 02:03:52] 📈 TRAIL BUY XAGUSD SL 87.23000 → 87.23800
[2026-05-13 02:04:05] 📈 TRAIL BUY XAGUSD SL 87.23800 → 87.33800
[2026-05-13 02:04:05] ✅ [normal] BUY XAUUSD score=0.86 lot=0.01 sl=4714.96000 tp=4749.82000 rr=2.5 h1=UP
[2026-05-13 02:04:05] ✅ [normal] BUY XAGUSD score=0.81 lot=0.01 sl=86.96100 tp=88.82700 rr=2.5 h1=UP
[2026-05-13 02:04:27] 🛑 SL CASCADE XAGUSD — ticket #1292706876 hit SL, closing 2 losing sibling(s)
[2026-05-13 02:04:28] 🔴 CASCADE CLOSED BUY XAGUSD #1292707941 lot=0.01 P&L=-$0.45
[2026-05-13 02:04:28] 🔴 CASCADE CLOSED BUY XAGUSD #1292743326 lot=0.01 P&L=-$10.80
[2026-05-13 02:09:06] ✅ [normal] BUY XAGUSD score=0.90 lot=0.01 sl=87.16200 tp=87.82300 rr=2.5 h1=UP
[2026-05-13 02:10:59] ✅ [normal] BUY XAGUSD score=0.94 lot=0.01 sl=87.09900 tp=88.05400 rr=2.5 h1=UP
[2026-05-13 02:14:17] ❌ [normal] CL-OIL retcode=10016
[2026-05-13 02:14:19] ❌ [normal] CL-OIL retcode=10016
[2026-05-13 02:19:53] ✅ [normal] BUY XAGUSD score=0.73 lot=0.01 sl=87.17500 tp=88.25600 rr=2.5 h1=UP
[2026-05-13 10:59:07] 🚀 SCALPER MERGED STARTED — Normal + Crypto + Sniper (Breakout/Impulse/Reversion)
[2026-05-13 10:59:07] 📌 Session start: $2351.32
[2026-05-13 10:59:08] ✅ [normal] SELL EURAUD score=0.56 lot=0.03 sl=1.62161 tp=1.60219 rr=2.5 h1=DN
[2026-05-13 10:59:08] ✅ [normal] SELL GBPAUD score=0.56 lot=0.06 sl=1.87004 tp=1.86143 rr=2.5 h1=DN
[2026-05-13 10:59:39] ⚠ GBPAUD spread 25.0 > max 22.0
[2026-05-13 10:59:46] ⚠ EURCAD spread 21.0 > max 19.0
[2026-05-13 11:02:39] ✅ [normal] BUY XAGUSD score=0.63 lot=0.02 sl=86.40000 tp=86.86900 rr=2.5 h1=UP
[2026-05-13 11:10:25] ⚠ EURNZD spread 29.0 > max 18.0
[2026-05-13 11:16:05] ⚙ SETTINGS updated: metals_time_filter=1
[2026-05-13 11:18:30] ✅ [normal] BUY USDCHF score=0.55 lot=0.14 sl=0.78218 tp=0.78442 rr=2.5 h1=UP
[2026-05-13 11:19:18] ⚠ GBPAUD spread 26.0 > max 22.0
[2026-05-13 11:21:55] ⚙ SYMBOL UPDATED: GBPJPY cat=GBP max_spread=25.0
[2026-05-13 11:22:24] ▶ USDJPY ENABLED
[2026-05-13 11:22:55] ⚙ SYMBOL UPDATED: USDJPY cat=USD max_spread=26.0
[2026-05-13 11:24:09] ⚠ EURNZD spread 29.0 > max 18.0
[2026-05-13 11:24:09] ⚙ SYMBOL UPDATED: XAGUSD cat=Metals max_spread=35.0
[2026-05-13 11:27:56] ⚠ EURNZD spread 29.0 > max 18.0
[2026-05-13 11:28:23] ⚠ GBPCAD spread 24.0 > max 23.0
[2026-05-13 11:29:53] ⚠ EURNZD spread 29.0 > max 18.0
[2026-05-13 11:30:49] ⚠ EURUSD spread 18.0 > max 17.5
[2026-05-13 11:35:18] ✅ [normal] BUY XAGUSD score=0.56 lot=0.01 sl=86.25600 tp=87.05100 rr=2.5 h1=UP
[2026-05-13 11:35:53] ✅ [normal] BUY XAGUSD score=0.57 lot=0.01 sl=86.25600 tp=87.42500 rr=2.5 h1=UP
[2026-05-13 11:45:26] 📈 TRAIL BUY XAGUSD SL 86.25600 → 86.40300
[2026-05-13 11:45:28] 📈 TRAIL BUY XAGUSD SL 86.40300 → 86.55400
[2026-05-13 11:45:30] 📈 TRAIL BUY XAGUSD SL 86.55400 → 86.56600
[2026-05-13 11:46:55] 🛑 SL CASCADE XAGUSD — ticket #1294613482 hit SL, closing 1 losing sibling(s)
[2026-05-13 11:46:55] 🔴 CASCADE CLOSED BUY XAGUSD #1294616513 lot=0.01 P&L=-$1.05
[2026-05-13 11:46:57] 📈 TRAIL SELL GBPAUD SL 1.87004 → 1.86853
[2026-05-13 11:46:59] 📈 TRAIL SELL GBPAUD SL 1.86853 → 1.86704
[2026-05-13 11:47:01] 📈 TRAIL SELL GBPAUD SL 1.86704 → 1.86662
[2026-05-13 11:50:26] 🚀 SCALPER MERGED STARTED — Normal + Crypto + Sniper (Breakout/Impulse/Reversion)
[2026-05-13 11:50:26] 📌 Session start: $2351.32
[2026-05-13 11:51:30] ✅ [normal] BUY DOGUSD score=0.58 lot=0.51 sl=0.11310 tp=0.12080 rr=2.5 h1=UP
[2026-05-13 11:51:30] ✅ [normal] BUY XRPUSD score=0.48 lot=0.09 sl=1.46140 tp=1.50340 rr=2.5 h1=UP
[2026-05-13 11:51:38] ⚠ GBPAUD spread 26.0 > max 22.0
[2026-05-13 11:51:50] ✅ [normal] BUY XAGUSD score=0.66 lot=0.01 sl=86.54300 tp=87.27800 rr=2.5 h1=UP
[2026-05-13 11:51:55] ✅ [normal] BUY LTCUSD score=0.47 lot=0.10 sl=58.33000 tp=62.18000 rr=2.5 h1=UP
[2026-05-13 11:52:09] ✅ [normal] BUY DOTUSD score=0.50 lot=1.10 sl=1.37100 tp=1.73200 rr=2.5 h1=UP
[2026-05-13 11:52:14] ✅ [normal] BUY BNBUSD score=0.53 lot=0.34 sl=683.38000 tp=694.97000 rr=2.5 h1=UP
[2026-05-13 11:53:32] ✅ [normal] BUY XAGUSD score=0.66 lot=0.01 sl=86.54300 tp=87.59300 rr=2.5 h1=UP
[2026-05-13 11:54:33] 🚀 SCALPER MERGED STARTED — Normal + Crypto + Sniper (Breakout/Impulse/Reversion)
[2026-05-13 11:54:33] 📌 Session start: $2351.32
[2026-05-13 11:57:02] ✅ [normal] BUY BTCUSD score=0.55 lot=0.17 sl=81228.55000 tp=81464.94000 rr=2.5 h1=UP
[2026-05-13 11:58:40] 🚀 SCALPER MERGED STARTED — Normal + Crypto + Sniper (Breakout/Impulse/Reversion)
[2026-05-13 11:58:40] 📌 Session start: $2351.32
[2026-05-13 12:01:01] 🚀 SCALPER MERGED STARTED — Normal + Crypto + Sniper (Breakout/Impulse/Reversion)
[2026-05-13 12:01:01] 📌 Session start: $2351.32
[2026-05-13 12:02:51] 📈 TRAIL BUY XAGUSD SL 86.54300 → 86.68100
[2026-05-13 12:02:53] 📈 TRAIL BUY XAGUSD SL 86.68100 → 86.81100
[2026-05-13 12:02:55] 📈 TRAIL BUY XAGUSD SL 86.81100 → 86.82600
[2026-05-13 12:03:57] 🚀 SCALPER MERGED STARTED — Normal + Crypto + Sniper (Breakout/Impulse/Reversion)
[2026-05-13 12:03:57] 📌 Session start: $2351.32
[2026-05-13 12:04:24] 📈 TRAIL BUY XAGUSD SL 86.82600 → 86.83800
[2026-05-13 12:04:38] 📈 TRAIL BUY XAGUSD SL 86.83800 → 86.84500
[2026-05-13 12:04:39] ✅ [normal] BUY XAGUSD score=0.72 lot=0.01 sl=86.78300 tp=87.38500 rr=2.5 h1=UP
[2026-05-13 12:04:41] 📈 TRAIL BUY XAGUSD SL 86.84500 → 86.86000
[2026-05-13 12:04:47] 📈 TRAIL BUY XAGUSD SL 86.86000 → 86.87900
[2026-05-13 12:05:56] 📈 TRAIL BUY XAGUSD SL 86.87900 → 86.89000
[2026-05-13 12:06:02] 📈 TRAIL BUY XAGUSD SL 86.54300 → 86.72400
[2026-05-13 12:06:04] 📈 TRAIL BUY XAGUSD SL 86.72400 → 86.90700
[2026-05-13 12:06:06] 📈 TRAIL BUY XAGUSD SL 86.90700 → 86.96200
[2026-05-13 12:08:00] 📈 TRAIL BUY XAGUSD SL 86.89000 → 86.91900
[2026-05-13 12:08:00] ✅ [normal] BUY XAGUSD score=0.75 lot=0.01 sl=86.83700 tp=87.74400 rr=2.5 h1=UP
[2026-05-13 12:08:05] 📈 TRAIL BUY XAGUSD SL 86.78300 → 86.90000
[2026-05-13 12:08:07] 📈 TRAIL BUY XAGUSD SL 86.91900 → 86.93100
[2026-05-13 12:08:07] 📈 TRAIL BUY XAGUSD SL 86.90000 → 87.03800
[2026-05-13 12:08:09] 📈 TRAIL BUY XAGUSD SL 86.93100 → 86.97500
[2026-05-13 12:08:09] 📈 TRAIL BUY XAGUSD SL 87.03800 → 87.07700
[2026-05-13 12:08:22] ✅ [normal] BUY XAUUSD score=0.80 lot=0.02 sl=4698.73000 tp=4718.68000 rr=2.5 h1=FLAT
[2026-05-13 12:08:24] 📈 TRAIL BUY XAGUSD SL 87.07700 → 87.08300
[2026-05-13 12:08:28] 📈 TRAIL BUY XAGUSD SL 86.97500 → 86.99600
[2026-05-13 12:08:28] 📈 TRAIL BUY XAGUSD SL 87.08300 → 87.09700
[2026-05-13 12:08:35] 📈 TRAIL BUY XAGUSD SL 87.09700 → 87.15000
[2026-05-13 12:08:35] 📈 TRAIL BUY XAGUSD SL 86.83700 → 87.03800
[2026-05-13 12:08:35] ✅ [normal] BUY XAGUSD score=0.77 lot=0.01 sl=86.83700 tp=88.57300 rr=2.5 h1=UP
[2026-05-13 12:08:36] 🔴 CLOSED BUY XAGUSD #1294721587 lot=0.01 P&L=+$17.20
[2026-05-13 12:08:36] 🔴 CLOSED BUY XAGUSD #1294731660 lot=0.01 P&L=+$10.50
[2026-05-13 12:08:36] 🔴 CLOSED BUY XAGUSD #1294740776 lot=0.01 P&L=-$1.35
[2026-05-13 12:08:37] ✅ [normal] BUY XAUUSD score=0.80 lot=0.01 sl=4698.73000 tp=4726.70000 rr=2.5 h1=FLAT
[2026-05-13 12:08:38] ✅ [normal] BUY XAGUSD score=0.77 lot=0.01 sl=86.83700 tp=88.62500 rr=2.5 h1=UP
[2026-05-13 12:08:50] 🔴 CLOSED SELL GBPAUD #1294451401 lot=0.06 P&L=+$7.52
[2026-05-13 12:09:04] 🔴 CLOSED BUY XAUUSD #1294736959 lot=0.02 P&L=+$5.52
[2026-05-13 12:09:05] 🔴 CLOSED BUY XAUUSD #1294741536 lot=0.01 P&L=+$0.52
[2026-05-13 12:09:19] ✅ [normal] BUY XAUUSD score=0.78 lot=0.01 sl=4698.73000 tp=4731.91000 rr=2.5 h1=FLAT
[2026-05-13 12:10:37] ⏸ BTCUSD DISABLED
[2026-05-13 12:10:38] ⏸ ETHUSD DISABLED
[2026-05-13 12:10:39] ⏸ SOLUSD DISABLED
[2026-05-13 12:10:40] ⏸ BNBUSD DISABLED
[2026-05-13 12:10:42] ⏸ DOGUSD DISABLED
[2026-05-13 12:10:43] ⏸ XRPUSD DISABLED
[2026-05-13 12:10:44] ⏸ ADAUSD DISABLED
[2026-05-13 12:10:45] ⏸ LTCUSD DISABLED
[2026-05-13 12:10:46] ⏸ DOTUSD DISABLED
[2026-05-13 12:11:58] 🚀 SCALPER MERGED STARTED — Normal + Crypto + Sniper (Breakout/Impulse/Reversion)
[2026-05-13 12:11:58] 📌 Session start: $2351.32
[2026-05-13 12:12:14] ✅ [normal] SELL GBPCAD score=0.55 lot=0.10 sl=1.85164 tp=1.84628 rr=2.5 h1=DN
[2026-05-13 12:12:29] ✅ [normal] SELL GBPAUD score=0.56 lot=0.10 sl=1.86584 tp=1.86014 rr=2.5 h1=DN
[2026-05-13 12:12:29] ✅ [normal] SELL GBPCAD score=0.56 lot=0.07 sl=1.85164 tp=1.84426 rr=2.5 h1=DN
[2026-05-13 12:12:29] ✅ [normal] SELL GBPCHF score=0.56 lot=0.07 sl=1.05704 tp=1.05281 rr=2.5 h1=DN
[2026-05-13 12:12:37] ⚠ GBPAUD spread 25.0 > max 22.0
[2026-05-13 12:12:39] 📈 TRAIL SELL GBPCAD SL 1.85164 → 1.85062
[2026-05-13 12:12:42] 📈 TRAIL SELL GBPCAD SL 1.85062 → 1.84932
[2026-05-13 12:12:42] ✅ [normal] SELL GBPUSD score=0.57 lot=0.04 sl=1.35213 tp=1.34271 rr=2.5 h1=DN
[2026-05-13 12:12:42] ✅ [normal] SELL GBPAUD score=0.55 lot=0.07 sl=1.86584 tp=1.85768 rr=2.5 h1=DN
[2026-05-13 12:12:42] ✅ [normal] SELL GBPCAD score=0.55 lot=0.05 sl=1.85164 tp=1.84107 rr=2.5 h1=DN
[2026-05-13 12:12:50] 🛑 SL CASCADE GBPCAD — ticket #1294767188 hit SL, closing 1 losing sibling(s)
[2026-05-13 12:12:50] 🔴 CASCADE CLOSED SELL GBPCAD #1294773135 lot=0.05 P&L=-$3.25
[2026-05-13 12:12:55] 🔴 CLOSED BUY DOTUSD #1294678957 lot=1.10 P&L=-$10.56
[2026-05-13 12:15:48] 🚀 SCALPER MERGED STARTED — Normal + Crypto + Sniper (Breakout/Impulse/Reversion)
[2026-05-13 12:15:48] 📌 Session start: $2351.32
[2026-05-13 12:16:32] ⚠ GBPAUD spread 26.0 > max 22.0
[2026-05-13 12:19:46] ⚙ STRATEGY sniper_reversion ENABLED
[2026-05-13 12:21:08] ✅ [normal] BUY XAGUSD score=0.84 lot=0.01 sl=86.87300 tp=87.60400 rr=2.5 h1=UP
[2026-05-13 12:21:54] ✅ [normal] BUY XAUUSD score=0.98 lot=0.01 sl=4700.23000 tp=4716.51000 rr=2.5 h1=FLAT
[2026-05-13 12:22:23] ⚠ USDJPY spread 28.0 > max 26.0
[2026-05-13 12:22:44] 📈 TRAIL BUY XAGUSD SL 86.87300 → 86.99700
[2026-05-13 12:22:46] 📈 TRAIL BUY XAGUSD SL 86.99700 → 87.10900
[2026-05-13 12:22:48] 📈 TRAIL BUY XAGUSD SL 87.10900 → 87.15500
[2026-05-13 12:22:59] 🚀 SCALPER MERGED STARTED — Normal + Crypto + Sniper (Breakout/Impulse/Reversion)
[2026-05-13 12:22:59] 📌 Session start: $2351.32
[2026-05-13 12:23:11] ⚠ GBPCAD spread 24.0 > max 23.0
[2026-05-13 12:23:44] 🛑 SL CASCADE XAGUSD — ticket #1294805839 hit SL, closing 1 losing sibling(s)
[2026-05-13 12:23:44] 🔴 CASCADE CLOSED BUY XAGUSD #1294741545 lot=0.01 P&L=-$10.55
[2026-05-13 12:24:39] 🚀 SCALPER MERGED STARTED — Normal + Crypto + Sniper (Breakout/Impulse/Reversion)
[2026-05-13 12:24:39] 📌 Session start: $2351.32
[2026-05-13 12:24:41] ❌ [sniper_reversion] CL-OIL retcode=10016
[2026-05-13 12:24:44] ❌ [sniper_reversion] CL-OIL retcode=10016
[2026-05-13 12:24:46] ❌ [sniper_reversion] CL-OIL retcode=10016
[2026-05-13 12:26:37] ⚙ STRATEGY sniper_impulse ENABLED
[2026-05-13 12:26:38] ✅ [sniper_impulse] BUY EURCHF score=0.46 lot=0.22 sl=0.91519 tp=0.91611 rr=1.3 h1=DN
[2026-05-13 12:26:38] ✅ [sniper_impulse] BUY EURNZD score=0.51 lot=0.21 sl=1.97391 tp=1.97593 rr=1.3 h1=FLAT
[2026-05-13 12:26:44] ✅ [sniper_impulse] SELL NZDUSD score=0.53 lot=0.32 sl=0.59300 tp=0.59222 rr=1.3 h1=DN
[2026-05-13 12:26:46] ⚡ CL-OIL conflicting signals (1× BUY vs 1× SELL) — locking to BUY
[2026-05-13 12:26:47] ✅ [sniper_impulse] BUY CL-OIL score=0.71 lot=0.03 sl=97.96800 tp=98.79600 rr=1.3 h1=DN
[2026-05-13 12:26:55] ✅ [sniper_impulse] BUY USDJPY score=0.38 lot=0.28 sl=157.78500 tp=157.92800 rr=1.3 h1=UP
[2026-05-13 12:26:55] ✅ [sniper_reversion] BUY XAGUSD score=0.70 lot=0.04 sl=86.84900 tp=86.95400 rr=1.1 h1=UP
[2026-05-13 12:26:59] 🛑 SL CASCADE XAUUSD — ticket #1294809495 hit SL, closing 1 losing sibling(s)
[2026-05-13 12:26:59] 🔴 CASCADE CLOSED BUY XAUUSD #1294747918 lot=0.01 P&L=-$7.92
[2026-05-13 12:26:59] ✅ [sniper_impulse] BUY EURJPY score=0.50 lot=0.69 sl=184.71800 tp=184.77600 rr=1.3 h1=DN
[2026-05-13 12:27:00] ✅ [sniper_impulse] BUY USDCHF score=0.50 lot=0.16 sl=0.78168 tp=0.78294 rr=1.3 h1=UP
[2026-05-13 12:27:02] ✅ [sniper_impulse] SELL GBPCHF score=0.79 lot=0.31 sl=1.05675 tp=1.05611 rr=1.3 h1=DN
[2026-05-13 12:27:06] ✅ [sniper_impulse] SELL AUDUSD score=0.46 lot=0.27 sl=0.72458 tp=0.72364 rr=1.3 h1=UP
[2026-05-13 12:27:10] ✅ [sniper_impulse] BUY EURGBP score=0.74 lot=0.14 sl=0.86590 tp=0.86726 rr=1.3 h1=FLAT
[2026-05-13 12:27:15] ✅ [sniper_impulse] SELL XAUUSD score=0.58 lot=0.02 sl=4705.89000 tp=4691.72000 rr=1.3 h1=DN
[2026-05-13 12:27:21] ✅ [sniper_impulse] SELL GBPJPY score=0.41 lot=0.15 sl=213.31600 tp=213.04700 rr=1.3 h1=DN
[2026-05-13 12:27:29] ✅ [sniper_impulse] BUY EURUSD score=0.63 lot=0.46 sl=1.17030 tp=1.17085 rr=1.3 h1=DN
[2026-05-13 12:27:43] ⚙ STRATEGY sniper_impulse DISABLED
[2026-05-13 12:28:52] ⚠ GBPAUD spread 25.0 > max 22.0
[2026-05-13 12:29:13] 📈 TRAIL BUY EURJPY SL 184.71800 → 184.73400
[2026-05-13 12:29:15] 📈 TRAIL BUY EURJPY SL 184.73400 → 184.74800
[2026-05-13 12:29:20] ✅ [sniper_reversion] BUY USDCAD score=0.50 lot=1.15 sl=1.36926 tp=1.36953 rr=1.1 h1=UP
[2026-05-13 12:29:41] 📈 TRAIL BUY EURJPY SL 184.74800 → 184.75300
[2026-05-13 12:29:55] 📈 TRAIL BUY USDCAD SL 1.36926 → 1.36934
[2026-05-13 12:29:57] ⚠ EURCAD spread 21.0 > max 19.0
[2026-05-13 12:30:08] 📈 TRAIL BUY EURJPY SL 184.75300 → 184.75900
[2026-05-13 12:31:04] ✅ [normal] SELL GBPUSD score=0.59 lot=0.17 sl=1.35110 tp=1.34879 rr=2.5 h1=DN
[2026-05-13 12:31:13] 📈 TRAIL SELL GBPCHF SL 1.05675 → 1.05658
[2026-05-13 12:31:15] 📈 TRAIL SELL GBPCHF SL 1.05658 → 1.05646
[2026-05-13 12:31:21] ⚠ EURCAD spread 21.0 > max 19.0
[2026-05-13 12:32:25] 🔴 CLOSED BUY USDCAD #1294841268 lot=1.15 P&L=+$6.72
[2026-05-13 12:32:30] 🔴 CLOSED BUY CL-OIL #1294827910 lot=0.03 P&L=+$3.75
[2026-05-13 12:32:32] ⚠ EURCAD spread 22.0 > max 19.0
[2026-05-13 12:32:47] ❌ [sniper_reversion] CL-OIL retcode=10016
[2026-05-13 12:32:49] ❌ [sniper_reversion] CL-OIL retcode=10016
[2026-05-13 12:32:51] ❌ [sniper_reversion] CL-OIL retcode=10016
[2026-05-13 12:32:53] ❌ [sniper_reversion] CL-OIL retcode=10016
[2026-05-13 12:32:55] ❌ [sniper_reversion] CL-OIL retcode=10016
[2026-05-13 12:32:57] ❌ [sniper_reversion] CL-OIL retcode=10016
[2026-05-13 12:32:59] ❌ [sniper_reversion] CL-OIL retcode=10016
[2026-05-13 12:33:01] ❌ [sniper_reversion] CL-OIL retcode=10016
[2026-05-13 12:33:03] ❌ [sniper_reversion] CL-OIL retcode=10016
[2026-05-13 12:33:07] ❌ [sniper_reversion] CL-OIL retcode=10016
[2026-05-13 12:33:09] ❌ [sniper_reversion] CL-OIL retcode=10016
[2026-05-13 12:33:12] ❌ [sniper_reversion] CL-OIL retcode=10016
[2026-05-13 12:33:14] ⚙ STRATEGY sniper_reversion DISABLED
[2026-05-13 12:33:32] 🖐 MANUAL BUY CL-OIL lot=0.03 sl=98.23300 tp=99.68500
[2026-05-13 12:33:45] 📈 TRAIL SELL XAUUSD SL 4705.89000 → 4702.13000
[2026-05-13 12:33:47] 📈 TRAIL SELL XAUUSD SL 4702.13000 → 4698.25000
[2026-05-13 12:33:49] 📈 TRAIL SELL XAUUSD SL 4698.25000 → 4697.32000
[2026-05-13 12:33:59] ⚠ EURCAD spread 21.0 > max 19.0
[2026-05-13 12:34:10] 📈 TRAIL BUY EURNZD SL 1.97391 → 1.97443
[2026-05-13 12:34:12] 📈 TRAIL BUY EURNZD SL 1.97443 → 1.97494
[2026-05-13 12:34:14] 📈 TRAIL BUY EURNZD SL 1.97494 → 1.97510
[2026-05-13 12:34:39] 📈 TRAIL BUY EURNZD SL 1.97510 → 1.97517
[2026-05-13 12:37:10] ⚠ EURCAD spread 22.0 > max 19.0
[2026-05-13 12:38:22] ⚠ EURCAD spread 22.0 > max 19.0
[2026-05-13 12:39:59] ⚠ EURCAD spread 21.0 > max 19.0
[2026-05-13 12:40:11] 📈 TRAIL BUY EURUSD SL 1.17030 → 1.17046
[2026-05-13 12:40:14] 📈 TRAIL BUY EURUSD SL 1.17046 → 1.17057
[2026-05-13 12:40:34] 📈 TRAIL BUY EURUSD SL 1.17057 → 1.17062
[2026-05-13 12:40:59] ⚠ EURCAD spread 21.0 > max 19.0
[2026-05-13 12:41:35] 📈 TRAIL BUY EURUSD SL 1.17062 → 1.17067
[2026-05-13 12:42:35] ⚠ EURCAD spread 21.0 > max 19.0
[2026-05-13 12:44:25] 🚀 SCALPER MERGED STARTED — Normal + Crypto + Sniper (Breakout/Impulse/Reversion)
[2026-05-13 12:44:25] 📌 Session start: $2351.32
[2026-05-13 12:45:50] ⚠ EURCAD spread 22.0 > max 19.0
[2026-05-13 12:48:31] ⚠ GBPAUD spread 26.0 > max 22.0
[2026-05-13 12:49:10] ⚙ STRATEGY sniper_impulse ENABLED
[2026-05-13 12:49:12] ✅ [sniper_impulse] BUY EURJPY score=0.79 lot=0.26 sl=184.80200 tp=184.95600 rr=1.3 h1=DN
[2026-05-13 12:49:12] ✅ [sniper_impulse] SELL USDCAD score=0.34 lot=0.57 sl=1.36957 tp=1.36897 rr=1.3 h1=UP
[2026-05-13 12:49:12] ✅ [sniper_impulse] BUY CL-OIL score=0.72 lot=0.08 sl=98.26300 tp=98.58500 rr=1.3 h1=DN
[2026-05-13 12:49:19] ✅ [sniper_impulse] BUY GBPAUD score=0.55 lot=0.27 sl=1.86482 tp=1.86608 rr=1.3 h1=DN
[2026-05-13 12:49:23] ✅ [sniper_impulse] BUY GBPJPY score=0.72 lot=0.14 sl=213.25400 tp=213.54400 rr=1.3 h1=DN
[2026-05-13 12:49:33] ✅ [sniper_impulse] SELL USDCHF score=0.45 lot=0.29 sl=0.78173 tp=0.78106 rr=1.3 h1=UP
[2026-05-13 12:49:36] ✅ [sniper_impulse] BUY GBPUSD score=0.47 lot=0.11 sl=1.35103 tp=1.35340 rr=1.3 h1=DN
[2026-05-13 12:49:46] ✅ [sniper_impulse] SELL XAUUSD score=0.28 lot=0.09 sl=4696.19000 tp=4693.38000 rr=1.3 h1=DN
[2026-05-13 12:49:59] 📈 TRAIL BUY CL-OIL SL 98.26300 → 98.34800
[2026-05-13 12:49:59] ✅ [sniper_impulse] SELL GBPNZD score=0.67 lot=0.73 sl=2.27907 tp=2.27850 rr=1.3 h1=UP
[2026-05-13 12:50:01] 📈 TRAIL BUY CL-OIL SL 98.34800 → 98.37300
[2026-05-13 12:50:01] ✅ [sniper_impulse] SELL GBPNZD score=0.66 lot=0.46 sl=2.27910 tp=2.27818 rr=1.3 h1=UP
[2026-05-13 12:50:01] ✅ [sniper_impulse] SELL XAGUSD score=0.59 lot=0.03 sl=86.88100 tp=86.72000 rr=1.3 h1=UP
[2026-05-13 12:50:03] ✅ [sniper_impulse] SELL USDCAD score=0.48 lot=0.33 sl=1.36957 tp=1.36856 rr=1.3 h1=UP
[2026-05-13 12:50:03] ✅ [sniper_impulse] BUY NZDUSD score=0.45 lot=0.20 sl=0.59281 tp=0.59405 rr=1.3 h1=DN
[2026-05-13 12:50:05] ✅ [sniper_impulse] SELL XAUUSD score=0.26 lot=0.05 sl=4696.50000 tp=4691.60000 rr=1.3 h1=DN
[2026-05-13 12:50:12] ✅ [sniper_impulse] BUY AUDUSD score=0.45 lot=0.21 sl=0.72442 tp=0.72557 rr=1.3 h1=UP
[2026-05-13 12:50:14] ✅ [sniper_impulse] SELL GBPNZD score=0.63 lot=0.45 sl=2.27904 tp=2.27812 rr=1.3 h1=UP
[2026-05-13 12:50:22] ✅ [sniper_impulse] SELL EURNZD score=0.46 lot=0.34 sl=1.97473 tp=1.97349 rr=1.3 h1=FLAT
[2026-05-13 12:50:25] ✅ [sniper_impulse] SELL USDCHF score=0.46 lot=0.20 sl=0.78173 tp=0.78074 rr=1.3 h1=UP
[2026-05-13 12:50:33] ✅ [sniper_impulse] SELL GBPNZD score=0.55 lot=0.35 sl=2.27900 tp=2.27783 rr=1.3 h1=UP
[2026-05-13 12:50:39] 🛑 SL CASCADE CL-OIL — ticket #1294912063 hit SL, closing 1 losing sibling(s)
[2026-05-13 12:50:39] 🔴 CASCADE CLOSED BUY CL-OIL #1294861104 lot=0.03 P&L=-$8.55
[2026-05-13 12:50:42] 📈 TRAIL SELL USDCAD SL 1.36957 → 1.36941
[2026-05-13 12:50:42] ✅ [sniper_impulse] BUY EURUSD score=0.45 lot=0.07 sl=1.17076 tp=1.17244 rr=1.3 h1=DN
[2026-05-13 12:50:44] 📈 TRAIL SELL USDCAD SL 1.36941 → 1.36926
[2026-05-13 12:50:59] ✅ [sniper_impulse] BUY EURCAD score=0.67 lot=0.23 sl=1.60348 tp=1.60419 rr=1.3 h1=DN
[2026-05-13 12:50:59] ✅ [sniper_impulse] BUY GBPAUD score=0.67 lot=0.25 sl=1.86485 tp=1.86552 rr=1.3 h1=DN
[2026-05-13 12:50:59] ✅ [sniper_impulse] BUY GBPCAD score=0.61 lot=0.13 sl=1.85041 tp=1.85172 rr=1.3 h1=DN
[2026-05-13 12:50:59] ✅ [sniper_impulse] BUY GBPCHF score=0.63 lot=0.23 sl=1.05625 tp=1.05666 rr=1.3 h1=DN
[2026-05-13 12:50:59] ✅ [sniper_impulse] BUY CL-OIL score=0.76 lot=0.02 sl=98.26300 tp=98.79200 rr=1.3 h1=DN
[2026-05-13 12:51:18] 🛑 SL CASCADE GBPAUD — ticket #1294917797 hit SL, closing 1 losing sibling(s)
[2026-05-13 12:51:18] 🔴 CASCADE CLOSED BUY GBPAUD #1294912382 lot=0.27 P&L=-$10.18
[2026-05-13 12:51:47] 🛑 SL CASCADE USDCAD — ticket #1294912061 hit SL, closing 1 losing sibling(s)
[2026-05-13 12:51:48] 🔴 CASCADE CLOSED SELL USDCAD #1294914785 lot=0.33 P&L=-$2.89
[2026-05-13 12:51:48] ✅ [sniper_impulse] SELL XAGUSD score=0.57 lot=0.02 sl=86.88200 tp=86.74600 rr=1.3 h1=UP
[2026-05-13 12:51:50] ✅ [sniper_impulse] SELL XAUUSD score=0.29 lot=0.04 sl=4696.60000 tp=4693.31000 rr=1.3 h1=DN
[2026-05-13 12:51:59] ✅ [sniper_impulse] SELL EURNZD score=0.64 lot=0.46 sl=1.97466 tp=1.97422 rr=1.3 h1=FLAT
[2026-05-13 12:52:03] ✅ [sniper_impulse] SELL XAGUSD score=0.52 lot=0.01 sl=86.89100 tp=86.64300 rr=1.3 h1=UP
[2026-05-13 12:52:05] ✅ [sniper_impulse] SELL XAUUSD score=0.30 lot=0.03 sl=4696.70000 tp=4691.98000 rr=1.3 h1=DN
[2026-05-13 12:52:09] 📈 TRAIL SELL XAGUSD SL 86.88200 → 86.83200
[2026-05-13 12:52:12] 📈 TRAIL SELL XAGUSD SL 86.83200 → 86.79300
[2026-05-13 12:52:18] 🛑 SL CASCADE XAGUSD — ticket #1294919209 hit SL, closing 1 losing sibling(s)
[2026-05-13 12:52:18] 🔴 CASCADE CLOSED SELL XAGUSD #1294920115 lot=0.01 P&L=-$0.70
[2026-05-13 12:53:00] ✅ [sniper_impulse] SELL EURNZD score=0.62 lot=0.46 sl=1.97479 tp=1.97435 rr=1.3 h1=FLAT
[2026-05-13 12:53:02] ✅ [sniper_impulse] SELL USDCAD score=0.50 lot=0.21 sl=1.36947 tp=1.36869 rr=1.3 h1=UP
[2026-05-13 12:53:18] ✅ [sniper_impulse] SELL EURNZD score=0.60 lot=0.45 sl=1.97473 tp=1.97429 rr=1.3 h1=FLAT
[2026-05-13 12:53:23] ✅ [sniper_impulse] SELL EURNZD score=0.62 lot=0.45 sl=1.97472 tp=1.97428 rr=1.3 h1=FLAT
[2026-05-13 12:53:27] ✅ [sniper_impulse] SELL EURNZD score=0.60 lot=0.45 sl=1.97473 tp=1.97429 rr=1.3 h1=FLAT
[2026-05-13 12:53:39] ✅ [sniper_impulse] SELL EURNZD score=0.64 lot=0.33 sl=1.97467 tp=1.97407 rr=1.3 h1=FLAT
[2026-05-13 12:54:04] ✅ [sniper_impulse] SELL XAGUSD score=0.48 lot=0.01 sl=86.89100 tp=86.62000 rr=1.3 h1=UP
[2026-05-13 12:54:58] ✅ [sniper_impulse] SELL EURNZD score=0.63 lot=0.45 sl=1.97478 tp=1.97434 rr=1.3 h1=FLAT
[2026-05-13 12:54:59] ✅ [sniper_impulse] BUY GBPAUD score=0.69 lot=0.23 sl=1.86481 tp=1.86550 rr=1.3 h1=DN
[2026-05-13 12:55:03] ✅ [sniper_impulse] SELL GBPCHF score=0.59 lot=0.15 sl=1.05650 tp=1.05590 rr=1.3 h1=DN
[2026-05-13 12:55:15] ✅ [sniper_impulse] BUY EURGBP score=0.46 lot=0.09 sl=0.86633 tp=0.86727 rr=1.3 h1=FLAT
[2026-05-13 12:55:20] ✅ [sniper_impulse] SELL GBPAUD score=0.52 lot=0.13 sl=1.86525 tp=1.86401 rr=1.3 h1=DN
[2026-05-13 12:55:24] ✅ [sniper_impulse] SELL GBPCHF score=0.50 lot=0.10 sl=1.05650 tp=1.05563 rr=1.3 h1=DN
[2026-05-13 12:55:26] ✅ [sniper_impulse] SELL GBPNZD score=0.47 lot=0.12 sl=2.27886 tp=2.27723 rr=1.3 h1=FLAT
[2026-05-13 12:55:28] ✅ [sniper_impulse] SELL GBPAUD score=0.49 lot=0.09 sl=1.86525 tp=1.86357 rr=1.3 h1=DN
[2026-05-13 12:55:39] 🚀 SCALPER MERGED STARTED — Normal + Crypto + Sniper (Breakout/Impulse/Reversion)
[2026-05-13 12:55:39] 📌 Session start: $2351.32
[2026-05-13 12:55:54] 📈 TRAIL SELL GBPCHF SL 1.05650 → 1.05633
[2026-05-13 12:55:56] 📈 TRAIL SELL GBPCHF SL 1.05633 → 1.05620
[2026-05-13 12:55:58] ✅ [sniper_impulse] SELL EURNZD score=0.65 lot=0.87 sl=1.97480 tp=1.97436 rr=1.3 h1=FLAT
[2026-05-13 12:55:58] ✅ [sniper_impulse] BUY GBPJPY score=0.74 lot=0.55 sl=213.22600 tp=213.29000 rr=1.3 h1=DN
[2026-05-13 12:56:03] ✅ [sniper_impulse] BUY GBPUSD score=0.50 lot=0.47 sl=1.35100 tp=1.35148 rr=1.3 h1=DN
[2026-05-13 12:56:03] ✅ [sniper_impulse] BUY GBPCAD score=0.46 lot=0.52 sl=1.84997 tp=1.85057 rr=1.3 h1=DN
[2026-05-13 12:56:05] 📈 TRAIL BUY EURGBP SL 0.86590 → 0.86628
[2026-05-13 12:56:07] 📈 TRAIL BUY EURGBP SL 0.86628 → 0.86667
[2026-05-13 12:56:07] 📈 TRAIL SELL GBPCHF SL 1.05620 → 1.05614
[2026-05-13 12:56:09] 📈 TRAIL SELL GBPAUD SL 1.86525 → 1.86490
[2026-05-13 12:56:12] 📈 TRAIL BUY EURGBP SL 0.86667 → 0.86672
[2026-05-13 12:56:12] 📈 TRAIL SELL GBPAUD SL 1.86490 → 1.86453
[2026-05-13 12:56:14] 📈 TRAIL SELL GBPCHF SL 1.05614 → 1.05609
[2026-05-13 12:56:14] 📈 TRAIL SELL GBPAUD SL 1.86453 → 1.86447
[2026-05-13 12:56:16] ✅ [sniper_impulse] SELL GBPCAD score=0.46 lot=0.06 sl=1.85082 tp=1.84850 rr=1.3 h1=DN
[2026-05-13 12:56:18] ✅ [sniper_impulse] BUY EURCAD score=0.48 lot=0.16 sl=1.60359 tp=1.60456 rr=1.3 h1=DN
[2026-05-13 12:56:39] ✅ [sniper_impulse] SELL XAGUSD score=0.37 lot=0.01 sl=86.89100 tp=86.50000 rr=1.3 h1=UP
[2026-05-13 12:56:50] 📈 TRAIL BUY EURGBP SL 0.86672 → 0.86677
[2026-05-13 12:56:50] 📈 TRAIL BUY EURGBP SL 0.86633 → 0.86659
[2026-05-13 12:56:50] ✅ [sniper_impulse] SELL GBPAUD score=0.49 lot=0.07 sl=1.86510 tp=1.86278 rr=1.3 h1=DN
[2026-05-13 12:56:52] 📈 TRAIL SELL XAGUSD SL 86.89100 → 86.81500
[2026-05-13 12:56:52] 📈 TRAIL BUY EURGBP SL 0.86659 → 0.86682
[2026-05-13 12:56:52] ✅ [sniper_impulse] SELL GBPCHF score=0.45 lot=0.07 sl=1.05632 tp=1.05515 rr=1.3 h1=DN
[2026-05-13 12:56:55] 📈 TRAIL SELL XAGUSD SL 86.81500 → 86.77300
[2026-05-13 12:56:59] ✅ [sniper_impulse] BUY GBPUSD score=0.50 lot=0.15 sl=1.35075 tp=1.35151 rr=1.3 h1=DN
[2026-05-13 12:57:01] ✅ [sniper_impulse] SELL USDCAD score=0.55 lot=0.44 sl=1.36955 tp=1.36920 rr=1.3 h1=UP
[2026-05-13 12:57:07] ✅ [sniper_impulse] SELL EURNZD score=0.58 lot=0.43 sl=1.97487 tp=1.97443 rr=1.3 h1=FLAT
[2026-05-13 12:57:08] ✅ [sniper_impulse] BUY AUDUSD score=0.61 lot=0.23 sl=0.72453 tp=0.72501 rr=1.3 h1=UP
[2026-05-13 12:57:10] ✅ [sniper_impulse] BUY CL-OIL score=0.73 lot=0.02 sl=98.36300 tp=98.85800 rr=1.3 h1=DN
[2026-05-13 12:57:12] 🛑 SL CASCADE AUDUSD — ticket #1294931055 hit SL, closing 1 losing sibling(s)
[2026-05-13 12:57:12] 🔴 CASCADE CLOSED BUY AUDUSD #1294915300 lot=0.21 P&L=-$8.19
[2026-05-13 12:57:29] 📈 TRAIL SELL GBPCHF SL 1.05650 → 1.05626
[2026-05-13 12:57:29] ✅ [sniper_impulse] SELL USDCAD score=0.62 lot=0.30 sl=1.36947 tp=1.36896 rr=1.3 h1=UP
[2026-05-13 12:57:31] 🛑 SL CASCADE EURCAD — ticket #1294929331 hit SL, closing 1 losing sibling(s)
[2026-05-13 12:57:31] 🔴 CASCADE CLOSED BUY EURCAD #1294917736 lot=0.23 P&L=-$5.54
[2026-05-13 12:57:31] 📈 TRAIL BUY EURGBP SL 0.86682 → 0.86695
[2026-05-13 12:57:31] 📈 TRAIL SELL GBPCHF SL 1.05626 → 1.05590
[2026-05-13 12:57:31] 📈 TRAIL SELL GBPAUD SL 1.86525 → 1.86468
[2026-05-13 12:57:31] ✅ [sniper_impulse] SELL GBPCAD score=0.44 lot=0.04 sl=1.85082 tp=1.84721 rr=1.3 h1=DN
[2026-05-13 12:57:33] 📈 TRAIL SELL GBPNZD SL 2.27886 → 2.27839
[2026-05-13 12:57:34] 📈 TRAIL SELL GBPAUD SL 1.86468 → 1.86407
[2026-05-13 12:57:36] 📈 TRAIL SELL GBPNZD SL 2.27839 → 2.27790
[2026-05-13 12:57:40] 📈 TRAIL SELL GBPNZD SL 2.27790 → 2.27783
[2026-05-13 12:57:48] 🛑 SL CASCADE XAGUSD — ticket #1294924907 hit SL, closing 1 losing sibling(s)
[2026-05-13 12:57:48] 🔴 CASCADE CLOSED SELL XAGUSD #1294929905 lot=0.01 P&L=-$2.85
[2026-05-13 12:57:49] 📈 TRAIL SELL USDCAD SL 1.36955 → 1.36938
[2026-05-13 12:57:51] 📈 TRAIL SELL GBPNZD SL 2.27783 → 2.27774
[2026-05-13 12:57:53] 📈 TRAIL BUY EURGBP SL 0.86677 → 0.86683
[2026-05-13 12:57:57] ✅ [sniper_impulse] BUY AUDUSD score=0.57 lot=0.16 sl=0.72453 tp=0.72520 rr=1.3 h1=UP
[2026-05-13 12:57:59] ✅ [sniper_impulse] BUY EURNZD score=0.59 lot=0.13 sl=1.97435 tp=1.97571 rr=1.3 h1=FLAT
[2026-05-13 12:58:00] ✅ [sniper_impulse] SELL GBPUSD score=0.44 lot=0.04 sl=1.35176 tp=1.34900 rr=1.3 h1=DN
[2026-05-13 12:58:00] ✅ [sniper_impulse] SELL USDCHF score=0.68 lot=0.22 sl=0.78167 tp=0.78128 rr=1.3 h1=UP
[2026-05-13 12:58:02] ✅ [sniper_impulse] SELL GBPJPY score=0.32 lot=0.04 sl=213.34100 tp=212.89900 rr=1.3 h1=DN
[2026-05-13 12:58:04] 📈 TRAIL SELL USDCAD SL 1.36938 → 1.36933
[2026-05-13 12:58:14] 📈 TRAIL SELL GBPCAD SL 1.85082 → 1.85018
[2026-05-13 12:58:15] ✅ [sniper_impulse] SELL XAUUSD score=0.33 lot=0.04 sl=4696.66000 tp=4693.81000 rr=1.3 h1=DN
[2026-05-13 12:58:17] 📈 TRAIL SELL GBPCAD SL 1.85018 → 1.84952
[2026-05-13 12:58:17] ✅ [sniper_impulse] SELL XAGUSD score=0.43 lot=0.01 sl=86.83000 tp=86.58800 rr=1.3 h1=UP
[2026-05-13 12:58:19] 📈 TRAIL SELL GBPCAD SL 1.84952 → 1.84937
[2026-05-13 12:58:19] ✅ [sniper_impulse] SELL USDCAD score=0.45 lot=0.15 sl=1.36947 tp=1.36850 rr=1.3 h1=FLAT
[2026-05-13 12:58:24] ✅ [sniper_impulse] SELL XAUUSD score=0.30 lot=0.03 sl=4696.66000 tp=4692.68000 rr=1.3 h1=DN
[2026-05-13 12:58:28] 📈 TRAIL SELL XAUUSD SL 4696.66000 → 4695.71000
[2026-05-13 12:58:30] 📈 TRAIL SELL XAUUSD SL 4695.71000 → 4694.87000
[2026-05-13 12:58:36] 📈 TRAIL BUY CL-OIL SL 98.26300 → 98.41800
[2026-05-13 12:58:38] 📈 TRAIL BUY CL-OIL SL 98.41800 → 98.56300
[2026-05-13 12:58:45] 📈 TRAIL SELL XAUUSD SL 4694.87000 → 4694.81000
[2026-05-13 12:58:47] ✅ [sniper_impulse] SELL XAGUSD score=0.39 lot=0.01 sl=86.83000 tp=86.49400 rr=1.3 h1=UP
[2026-05-13 12:58:49] 📈 TRAIL SELL XAUUSD SL 4694.81000 → 4694.72000
[2026-05-13 12:58:53] 📈 TRAIL SELL XAUUSD SL 4694.72000 → 4694.64000
[2026-05-13 12:58:54] ✅ [sniper_impulse] SELL GBPCHF score=0.44 lot=0.05 sl=1.05632 tp=1.05448 rr=1.3 h1=DN
[2026-05-13 12:58:56] ✅ [sniper_impulse] BUY EURNZD score=0.50 lot=0.10 sl=1.97435 tp=1.97628 rr=1.3 h1=FLAT
[2026-05-13 12:58:58] ✅ [sniper_impulse] BUY EURCAD score=0.63 lot=0.22 sl=1.60338 tp=1.60407 rr=1.3 h1=DN
[2026-05-13 12:58:58] ✅ [sniper_impulse] BUY NZDUSD score=0.59 lot=0.30 sl=0.59294 tp=0.59331 rr=1.3 h1=DN
[2026-05-13 12:59:00] 🛑 SL CASCADE GBPCAD — ticket #1294929290 hit SL, closing 1 losing sibling(s)
[2026-05-13 12:59:00] 🔴 CASCADE CLOSED SELL GBPCAD #1294931605 lot=0.04 P&L=-$0.26
[2026-05-13 12:59:00] ✅ [sniper_impulse] SELL GBPAUD score=0.44 lot=0.04 sl=1.86499 tp=1.86156 rr=1.3 h1=DN
[2026-05-13 12:59:03] ✅ [sniper_impulse] SELL GBPNZD score=0.44 lot=0.07 sl=2.27861 tp=2.27590 rr=1.3 h1=FLAT
[2026-05-13 12:59:13] 🛑 SL CASCADE CL-OIL — ticket #1294917872 hit SL, closing 1 losing sibling(s)
[2026-05-13 12:59:13] 🔴 CASCADE CLOSED BUY CL-OIL #1294931117 lot=0.02 P&L=-$0.30
[2026-05-13 12:59:53] ✅ [sniper_impulse] SELL USDCHF score=0.57 lot=0.21 sl=0.78162 tp=0.78121 rr=1.3 h1=UP
[2026-05-13 12:59:56] 🚀 SCALPER MERGED STARTED — Normal + Crypto + Sniper (Breakout/Impulse/Reversion)
[2026-05-13 12:59:56] 📌 Session start: $2351.32
[2026-05-13 13:00:00] ⚠ EURNZD spread 29.0 > max 18.0
[2026-05-13 13:00:00] ✅ [sniper_impulse] SELL GBPCAD score=0.45 lot=0.08 sl=1.85064 tp=1.84705 rr=1.3 h1=DN
[2026-05-13 13:00:17] ✅ [sniper_impulse] SELL GBPNZD score=0.44 lot=0.10 sl=2.27858 tp=2.27490 rr=1.3 h1=FLAT
[2026-05-13 13:00:17] ✅ [sniper_impulse] BUY AUDUSD score=0.49 lot=0.24 sl=0.72453 tp=0.72545 rr=1.3 h1=UP
[2026-05-13 13:00:19] 📈 TRAIL SELL GBPAUD SL 1.86510 → 1.86447
[2026-05-13 13:00:21] 📈 TRAIL SELL GBPAUD SL 1.86447 → 1.86393
[2026-05-13 13:00:21] 📈 TRAIL SELL XAUUSD SL 4696.66000 → 4695.55000
[2026-05-13 13:00:23] 📈 TRAIL SELL GBPAUD SL 1.86393 → 1.86378
[2026-05-13 13:00:24] 📈 TRAIL SELL XAUUSD SL 4695.55000 → 4694.51000
[2026-05-13 13:00:26] 📈 TRAIL SELL XAUUSD SL 4694.51000 → 4694.32000
[2026-05-13 13:00:47] ✅ [sniper_impulse] BUY EURCAD score=0.56 lot=0.26 sl=1.60336 tp=1.60451 rr=1.3 h1=DN
[2026-05-13 13:01:03] ❌ [sniper_impulse] CL-OIL retcode=10016
[2026-05-13 13:01:10] ❌ [sniper_impulse] CL-OIL retcode=10016
[2026-05-13 13:01:12] ❌ [sniper_impulse] CL-OIL retcode=10016
[2026-05-13 13:02:00] ✅ [sniper_impulse] SELL XAGUSD score=0.59 lot=0.02 sl=86.86000 tp=86.58200 rr=1.3 h1=UP
[2026-05-13 13:02:06] ✅ [sniper_impulse] BUY CL-OIL score=0.73 lot=0.07 sl=98.36300 tp=98.68500 rr=1.3 h1=DN
[2026-05-13 13:02:08] ✅ [sniper_impulse] SELL XAUUSD score=0.23 lot=0.03 sl=4696.30000 tp=4690.04000 rr=1.3 h1=DN
[2026-05-13 13:02:12] ✅ [sniper_impulse] SELL XAGUSD score=0.48 lot=0.01 sl=86.86000 tp=86.46900 rr=1.3 h1=UP
[2026-05-13 13:02:21] ✅ [sniper_impulse] BUY CL-OIL score=0.83 lot=0.05 sl=98.36300 tp=98.80000 rr=1.3 h1=DN
[2026-05-13 13:02:39] 🛑 SL CASCADE EURGBP — ticket #1294926823 hit SL, net sibling P&L=+$8.32, closing 1 sibling(s)
[2026-05-13 13:02:39] 🔴 CASCADE CLOSED BUY EURGBP #1294831563 lot=0.14 P&L=+$8.32
[2026-05-13 13:03:01] ✅ [sniper_impulse] SELL XAUUSD score=0.17 lot=0.02 sl=4696.19000 tp=4687.40000 rr=1.3 h1=DN
[2026-05-13 13:03:07] 📈 TRAIL SELL XAUUSD SL 4696.30000 → 4694.65000
[2026-05-13 13:03:07] ✅ [sniper_impulse] BUY EURCHF score=0.45 lot=0.23 sl=0.91541 tp=0.91615 rr=1.3 h1=DN
[2026-05-13 13:03:09] 📈 TRAIL SELL XAUUSD SL 4694.65000 → 4693.06000
[2026-05-13 13:03:11] 📈 TRAIL SELL XAUUSD SL 4693.06000 → 4692.59000
[2026-05-13 13:03:45] 📈 TRAIL SELL XAGUSD SL 86.86000 → 86.78500
[2026-05-13 13:03:47] 📈 TRAIL SELL XAGUSD SL 86.78500 → 86.72700
[2026-05-13 13:03:49] 📈 TRAIL SELL XAGUSD SL 86.72700 → 86.68900
[2026-05-13 13:04:00] ✅ [sniper_impulse] BUY EURGBP score=0.62 lot=0.28 sl=0.86693 tp=0.86750 rr=1.3 h1=FLAT
[2026-05-13 13:05:00] ✅ [sniper_impulse] BUY EURGBP score=0.48 lot=0.18 sl=0.86693 tp=0.86785 rr=1.3 h1=FLAT
[2026-05-13 13:05:27] 📈 TRAIL BUY CL-OIL SL 98.36300 → 98.46300
[2026-05-13 13:05:29] 📈 TRAIL BUY CL-OIL SL 98.46300 → 98.51300
[2026-05-13 13:05:38] 📈 TRAIL BUY CL-OIL SL 98.51300 → 98.51800
[2026-05-13 13:05:44] ⚠ TRAIL failed CL-OIL retcode=10016
[2026-05-13 13:05:46] 📈 TRAIL BUY CL-OIL SL 98.51800 → 98.52300
[2026-05-13 13:05:48] ✅ [sniper_impulse] SELL XAGUSD score=0.30 lot=0.01 sl=86.86000 tp=86.29200 rr=1.3 h1=UP
[2026-05-13 13:05:55] 📈 TRAIL BUY CL-OIL SL 98.52300 → 98.55300
[2026-05-13 13:06:11] ✅ [sniper_impulse] SELL EURNZD score=0.68 lot=0.76 sl=1.97484 tp=1.97436 rr=1.3 h1=FLAT
[2026-05-13 13:06:43] ✅ [sniper_impulse] BUY USDCAD score=0.48 lot=0.25 sl=1.36909 tp=1.37029 rr=1.3 h1=UP
[2026-05-13 13:06:45] ✅ [sniper_impulse] BUY USDCHF score=0.45 lot=0.08 sl=0.78140 tp=0.78239 rr=1.3 h1=UP
[2026-05-13 13:06:47] ✅ [sniper_impulse] BUY EURCAD score=0.50 lot=0.13 sl=1.60357 tp=1.60467 rr=1.3 h1=DN
[2026-05-13 13:07:04] ✅ [sniper_impulse] BUY AUDUSD score=0.47 lot=0.26 sl=0.72451 tp=0.72492 rr=1.3 h1=UP
[2026-05-13 13:07:23] ✅ [sniper_impulse] BUY AUDUSD score=0.64 lot=0.18 sl=0.72451 tp=0.72511 rr=1.3 h1=UP
[2026-05-13 13:07:27] ✅ [sniper_impulse] SELL EURNZD score=0.65 lot=0.34 sl=1.97479 tp=1.97426 rr=1.3 h1=FLAT
[2026-05-13 13:07:28] ⚙ STRATEGY sniper_impulse DISABLED
[2026-05-13 13:07:48] 📈 TRAIL SELL GBPCHF SL 1.05632 → 1.05596
[2026-05-13 13:07:50] 📈 TRAIL SELL GBPCHF SL 1.05596 → 1.05562
[2026-05-13 13:09:33] 📈 TRAIL BUY EURGBP SL 0.86693 → 0.86710
[2026-05-13 13:09:36] 📈 TRAIL BUY EURGBP SL 0.86710 → 0.86726
[2026-05-13 13:09:40] 📈 TRAIL SELL GBPNZD SL 2.27861 → 2.27789
[2026-05-13 13:09:42] 📈 TRAIL SELL GBPNZD SL 2.27789 → 2.27709
[2026-05-13 13:09:44] 📈 TRAIL SELL GBPNZD SL 2.27709 → 2.27693
[2026-05-13 13:09:55] 📈 TRAIL SELL GBPNZD SL 2.27693 → 2.27683
[2026-05-13 13:09:55] 📈 TRAIL BUY EURGBP SL 0.86726 → 0.86736
[2026-05-13 13:09:57] 🛑 SL CASCADE EURGBP — ticket #1294956193 hit SL, net sibling P&L=+$4.62, closing 1 sibling(s)
[2026-05-13 13:09:57] 🔴 CASCADE CLOSED BUY EURGBP #1294959262 lot=0.18 P&L=+$4.62
[2026-05-13 13:09:57] 📈 TRAIL SELL GBPCHF SL 1.05562 → 1.05556
[2026-05-13 13:11:28] 📈 TRAIL SELL GBPCHF SL 1.05556 → 1.05547
[2026-05-13 13:12:04] 🛑 SL CASCADE GBPNZD — ticket #1294936194 hit SL, net sibling P&L=+$0.65, closing 1 sibling(s)
[2026-05-13 13:12:04] 🔴 CASCADE CLOSED SELL GBPNZD #1294940039 lot=0.10 P&L=+$0.65
[2026-05-13 13:12:57] 🛑 SL CASCADE GBPCHF — ticket #1294930460 hit SL, net sibling P&L=+$0.32, closing 1 sibling(s)
[2026-05-13 13:12:58] 🔴 CASCADE CLOSED SELL GBPCHF #1294935273 lot=0.05 P&L=+$0.32
[2026-05-13 13:14:29] 🔴 CLOSE ALL: SELL EURAUD #1294451377 lot=0.03 P&L=-$0.41
[2026-05-13 13:14:29] 🔴 CLOSE ALL: BUY EURCHF #1294827244 lot=0.22 P&L=-$3.38
[2026-05-13 13:14:29] 🔴 CLOSE ALL: BUY USDJPY #1294828756 lot=0.28 P&L=-$7.27
[2026-05-13 13:14:29] 🔴 CLOSE ALL: BUY EURJPY #1294912056 lot=0.26 P&L=+$0.16
[2026-05-13 13:14:29] 🔴 CLOSE ALL: BUY NZDUSD #1294914820 lot=0.20 P&L=-$4.40
[2026-05-13 13:14:30] 🔴 CLOSE ALL: BUY EURUSD #1294917025 lot=0.07 P&L=-$0.56
[2026-05-13 13:14:30] 🔴 CLOSE ALL: SELL GBPUSD #1294932320 lot=0.04 P&L=-$0.08
[2026-05-13 13:14:30] ✅ [normal] BUY XAGUSD score=0.56 lot=0.01 sl=86.73700 tp=87.87800 rr=2.5 h1=UP
[2026-05-13 13:14:30] 🔴 CLOSE ALL: SELL GBPAUD #1294935961 lot=0.04 P&L=+$0.72
[2026-05-13 13:14:30] 🔴 CLOSE ALL: SELL GBPCAD #1294939034 lot=0.08 P&L=-$1.11
[2026-05-13 13:14:30] 🔴 CLOSE ALL: BUY EURCAD #1294942558 lot=0.26 P&L=+$1.90
[2026-05-13 13:14:30] 🔴 CLOSE ALL: BUY CL-OIL #1294947052 lot=0.05 P&L=-$4.00
[2026-05-13 13:14:30] 🔴 CLOSE ALL: BUY EURCHF #1294951111 lot=0.23 P&L=-$7.65
[2026-05-13 13:14:30] 🔴 CLOSE ALL: BUY USDCAD #1294964513 lot=0.25 P&L=-$6.03
[2026-05-13 13:14:31] 🔴 CLOSE ALL: BUY EURCAD #1294964654 lot=0.13 P&L=-$0.85
[2026-05-13 13:14:31] 🔴 CLOSE ALL complete — 15/15 positions closed
[2026-05-13 13:21:11] ⚙ STRATEGY sniper_impulse ENABLED
[2026-05-13 13:21:11] ✅ [sniper_impulse] SELL USDJPY score=0.39 lot=0.32 sl=157.82500 tp=157.77400 rr=1.3 h1=UP
[2026-05-13 13:21:11] ✅ [sniper_impulse] BUY XAUUSD score=0.89 lot=0.02 sl=4695.89000 tp=4702.12000 rr=1.3 h1=DN
[2026-05-13 13:21:38] ✅ [sniper_impulse] BUY EURNZD score=0.47 lot=0.12 sl=1.97463 tp=1.97608 rr=1.3 h1=FLAT
[2026-05-13 13:21:38] ✅ [sniper_impulse] SELL NZDUSD score=0.54 lot=0.25 sl=0.59317 tp=0.59276 rr=1.3 h1=DN
[2026-05-13 13:21:59] ✅ [sniper_impulse] SELL GBPCHF score=0.53 lot=0.27 sl=1.05573 tp=1.05543 rr=1.3 h1=DN
[2026-05-13 13:21:59] ✅ [sniper_impulse] BUY USDCAD score=0.59 lot=0.21 sl=1.36921 tp=1.36990 rr=1.3 h1=UP
[2026-05-13 13:21:59] ✅ [sniper_impulse] SELL NZDUSD score=0.63 lot=0.26 sl=0.59318 tp=0.59279 rr=1.3 h1=DN
[2026-05-13 13:22:04] ✅ [sniper_impulse] BUY XAUUSD score=0.76 lot=0.01 sl=4695.89000 tp=4705.14000 rr=1.3 h1=DN
[2026-05-13 13:22:10] ✅ [sniper_impulse] BUY GBPNZD score=0.45 lot=0.06 sl=2.27650 tp=2.27935 rr=1.3 h1=FLAT
[2026-05-13 13:22:10] ✅ [sniper_impulse] SELL NZDUSD score=0.51 lot=0.25 sl=0.59313 tp=0.59272 rr=1.3 h1=DN
[2026-05-13 13:22:12] ✅ [sniper_impulse] SELL USDCHF score=0.63 lot=0.18 sl=0.78166 tp=0.78122 rr=1.3 h1=UP
[2026-05-13 13:22:33] 📈 TRAIL BUY XAUUSD SL 4695.89000 → 4697.74000
[2026-05-13 13:22:33] ✅ [sniper_impulse] SELL EURAUD score=0.66 lot=0.44 sl=1.61624 tp=1.61592 rr=1.3 h1=DN
[2026-05-13 13:22:35] 📈 TRAIL BUY XAUUSD SL 4697.74000 → 4699.30000
[2026-05-13 13:22:37] 📈 TRAIL BUY XAUUSD SL 4699.30000 → 4699.55000
[2026-05-13 13:22:42] ✅ [sniper_impulse] SELL GBPJPY score=0.33 lot=0.28 sl=213.17100 tp=213.11300 rr=1.3 h1=DN
[2026-05-13 13:22:44] ✅ [sniper_impulse] SELL GBPCHF score=0.59 lot=0.27 sl=1.05568 tp=1.05538 rr=1.3 h1=DN
[2026-05-13 13:22:48] ✅ [sniper_impulse] SELL GBPCHF score=0.59 lot=0.27 sl=1.05568 tp=1.05538 rr=1.3 h1=DN
[2026-05-13 13:22:54] ✅ [sniper_impulse] BUY EURNZD score=0.48 lot=0.09 sl=1.97463 tp=1.97661 rr=1.3 h1=FLAT
[2026-05-13 13:22:59] ✅ [sniper_impulse] SELL GBPJPY score=0.31 lot=0.26 sl=213.17300 tp=213.11100 rr=1.3 h1=DN
[2026-05-13 13:22:59] ✅ [sniper_impulse] BUY AUDUSD score=0.51 lot=0.25 sl=0.72466 tp=0.72507 rr=1.3 h1=UP
[2026-05-13 13:23:01] ✅ [sniper_impulse] BUY EURJPY score=0.83 lot=0.19 sl=184.82400 tp=184.91100 rr=1.3 h1=DN
[2026-05-13 13:23:09] ✅ [sniper_impulse] BUY EURCHF score=0.64 lot=0.11 sl=0.91532 tp=0.91608 rr=1.3 h1=DN
[2026-05-13 13:23:20] ✅ [sniper_impulse] BUY EURAUD score=0.53 lot=0.17 sl=1.61596 tp=1.61681 rr=1.3 h1=DN
[2026-05-13 13:23:47] ✅ [sniper_impulse] BUY EURUSD score=0.59 lot=0.13 sl=1.17114 tp=1.17192 rr=1.3 h1=DN
[2026-05-13 13:23:53] ✅ [sniper_impulse] BUY GBPNZD score=0.44 lot=0.05 sl=2.27675 tp=2.28006 rr=1.3 h1=FLAT
[2026-05-13 13:23:59] ✅ [sniper_impulse] BUY EURAUD score=0.50 lot=0.12 sl=1.61596 tp=1.61711 rr=1.3 h1=DN
[2026-05-13 13:23:59] ✅ [sniper_impulse] BUY EURCAD score=0.69 lot=0.16 sl=1.60368 tp=1.60455 rr=1.3 h1=DN
[2026-05-13 13:24:00] ✅ [sniper_impulse] BUY GBPAUD score=0.37 lot=0.11 sl=1.86337 tp=1.86470 rr=1.3 h1=DN
[2026-05-13 13:25:02] ✅ [sniper_impulse] SELL USDCHF score=0.62 lot=0.20 sl=0.78165 tp=0.78126 rr=1.3 h1=UP
[2026-05-13 13:25:04] ✅ [sniper_impulse] SELL GBPCHF score=0.59 lot=0.26 sl=1.05569 tp=1.05539 rr=1.3 h1=DN
[2026-05-13 13:25:04] ✅ [sniper_impulse] SELL USDCHF score=0.62 lot=0.18 sl=0.78162 tp=0.78118 rr=1.3 h1=UP
[2026-05-13 13:25:12] ✅ [sniper_impulse] SELL GBPCHF score=0.68 lot=0.21 sl=1.05567 tp=1.05530 rr=1.3 h1=DN
[2026-05-13 13:25:15] ❌ [sniper_impulse] CL-OIL retcode=10016
[2026-05-13 13:25:23] ❌ [sniper_impulse] CL-OIL retcode=10016
[2026-05-13 13:25:25] ❌ [sniper_impulse] CL-OIL retcode=10016
[2026-05-13 13:25:27] ❌ [sniper_impulse] CL-OIL retcode=10016
[2026-05-13 13:25:29] ❌ [sniper_impulse] CL-OIL retcode=10016
[2026-05-13 13:25:33] ✅ [sniper_impulse] SELL USDCAD score=0.44 lot=0.30 sl=1.36941 tp=1.36895 rr=1.3 h1=UP
[2026-05-13 13:25:56] ✅ [sniper_impulse] BUY EURGBP score=0.61 lot=0.12 sl=0.86707 tp=0.86767 rr=1.3 h1=FLAT
[2026-05-13 13:25:58] ✅ [sniper_impulse] BUY GBPUSD score=0.48 lot=0.21 sl=1.35047 tp=1.35095 rr=1.3 h1=DN
[2026-05-13 13:25:58] ⚠ GBPAUD spread 25.0 > max 22.0
[2026-05-13 13:25:58] ✅ [sniper_impulse] SELL GBPCAD score=0.43 lot=0.17 sl=1.84961 tp=1.84878 rr=1.3 h1=DN
[2026-05-13 13:25:59] ✅ [sniper_impulse] BUY XAUUSD score=0.96 lot=0.04 sl=4697.14000 tp=4699.60000 rr=1.3 h1=DN
[2026-05-13 13:26:01] 📈 TRAIL BUY EURNZD SL 1.97463 → 1.97510
[2026-05-13 13:26:01] 📈 TRAIL SELL NZDUSD SL 0.59318 → 0.59307
[2026-05-13 13:26:03] 📈 TRAIL BUY EURNZD SL 1.97510 → 1.97557
[2026-05-13 13:26:05] ✅ [sniper_impulse] SELL USDCAD score=0.39 lot=0.37 sl=1.36941 tp=1.36904 rr=1.3 h1=UP
[2026-05-13 13:26:12] ❌ [sniper_impulse] CL-OIL retcode=10016
[2026-05-13 13:26:14] ❌ [sniper_impulse] CL-OIL retcode=10016
[2026-05-13 13:26:16] ✅ [sniper_impulse] BUY AUDUSD score=0.46 lot=0.19 sl=0.72460 tp=0.72513 rr=1.3 h1=UP
[2026-05-13 13:26:16] ❌ [sniper_impulse] CL-OIL retcode=10016
[2026-05-13 13:26:18] ❌ [sniper_impulse] CL-OIL retcode=10016
[2026-05-13 13:26:20] ❌ [sniper_impulse] CL-OIL retcode=10016
[2026-05-13 13:26:22] ❌ [sniper_impulse] CL-OIL retcode=10016
[2026-05-13 13:26:24] ❌ [sniper_impulse] CL-OIL retcode=10016
[2026-05-13 13:26:30] ✅ [sniper_impulse] BUY GBPUSD score=0.46 lot=0.15 sl=1.35047 tp=1.35114 rr=1.3 h1=DN
[2026-05-13 13:26:30] ❌ [sniper_impulse] CL-OIL retcode=10016
[2026-05-13 13:26:33] ✅ [sniper_impulse] SELL USDCHF score=0.55 lot=0.19 sl=0.78159 tp=0.78118 rr=1.3 h1=UP
[2026-05-13 13:26:35] ❌ [sniper_impulse] CL-OIL retcode=10016
[2026-05-13 13:26:41] ✅ [sniper_impulse] SELL USDCAD score=0.48 lot=0.27 sl=1.36941 tp=1.36890 rr=1.3 h1=UP
[2026-05-13 13:26:48] 🚀 SCALPER MERGED STARTED — Normal + Crypto + Sniper (Breakout/Impulse/Reversion)
[2026-05-13 13:26:48] 📌 Session start: $2351.32
[2026-05-13 13:26:53] ❌ [sniper_impulse] CL-OIL retcode=10016
[2026-05-13 13:26:55] ❌ [sniper_impulse] CL-OIL retcode=10016
[2026-05-13 13:26:57] ❌ [sniper_impulse] CL-OIL retcode=10016
[2026-05-13 13:26:59] 📈 TRAIL SELL NZDUSD SL 0.59307 → 0.59302
[2026-05-13 13:26:59] ✅ [sniper_impulse] SELL EURCAD score=0.56 lot=0.41 sl=1.60402 tp=1.60335 rr=1.3 h1=DN
[2026-05-13 13:26:59] ✅ [sniper_impulse] SELL GBPJPY score=0.35 lot=0.51 sl=213.15800 tp=213.09600 rr=1.3 h1=DN
[2026-05-13 13:26:59] ✅ [sniper_impulse] SELL CL-OIL score=0.56 lot=0.06 sl=98.48300 tp=98.16100 rr=1.3 h1=DN
[2026-05-13 13:27:03] ✅ [sniper_impulse] SELL GBPJPY score=0.24 lot=0.36 sl=213.15800 tp=213.07100 rr=1.3 h1=DN
[2026-05-13 13:27:14] ✅ [sniper_impulse] SELL GBPAUD score=0.37 lot=0.27 sl=1.86380 tp=1.86279 rr=1.3 h1=DN
[2026-05-13 13:27:16] 📈 TRAIL BUY EURNZD SL 1.97557 → 1.97565
[2026-05-13 13:27:26] 📈 TRAIL SELL NZDUSD SL 0.59313 → 0.59301
[2026-05-13 13:27:27] 📈 TRAIL BUY EURNZD SL 1.97463 → 1.97517
[2026-05-13 13:27:29] 📈 TRAIL SELL NZDUSD SL 0.59302 → 0.59297
[2026-05-13 13:27:29] 📈 TRAIL BUY EURNZD SL 1.97517 → 1.97570
[2026-05-13 13:27:31] 📈 TRAIL BUY EURNZD SL 1.97570 → 1.97581
[2026-05-13 13:27:33] ✅ [sniper_impulse] SELL GBPCAD score=0.33 lot=0.24 sl=1.84961 tp=1.84848 rr=1.3 h1=DN
[2026-05-13 13:27:39] 📈 TRAIL BUY GBPNZD SL 2.27650 → 2.27725
[2026-05-13 13:27:42] 📈 TRAIL BUY GBPNZD SL 2.27725 → 2.27800
[2026-05-13 13:27:44] 📈 TRAIL BUY GBPNZD SL 2.27800 → 2.27822
[2026-05-13 13:27:44] ✅ [sniper_impulse] BUY AUDUSD score=0.34 lot=0.26 sl=0.72460 tp=0.72536 rr=1.3 h1=UP
[2026-05-13 13:27:46] ✅ [sniper_impulse] SELL EURAUD score=0.48 lot=0.15 sl=1.61635 tp=1.61545 rr=1.3 h1=DN
[2026-05-13 13:27:59] ❌ [sniper_impulse] CL-OIL retcode=10016
[2026-05-13 13:28:09] 🛑 SL CASCADE GBPNZD — ticket #1295021672 hit SL, net sibling P&L=+$0.42, closing 1 sibling(s)
[2026-05-13 13:28:09] 🔴 CASCADE CLOSED BUY GBPNZD #1295026599 lot=0.05 P&L=+$0.42
[2026-05-13 13:28:11] ✅ [sniper_impulse] SELL GBPUSD score=0.40 lot=0.20 sl=1.35068 tp=1.35020 rr=1.3 h1=DN
[2026-05-13 13:28:11] ✅ [sniper_impulse] SELL GBPJPY score=0.20 lot=0.13 sl=213.15800 tp=213.04100 rr=1.3 h1=DN
[2026-05-13 13:28:11] ✅ [sniper_impulse] SELL GBPAUD score=0.33 lot=0.09 sl=1.86380 tp=1.86231 rr=1.3 h1=DN
[2026-05-13 13:28:11] ✅ [sniper_impulse] BUY USDCHF score=0.53 lot=0.11 sl=0.78139 tp=0.78206 rr=1.3 h1=UP
[2026-05-13 13:28:43] ✅ [sniper_impulse] SELL GBPCHF score=0.60 lot=0.17 sl=1.05567 tp=1.05523 rr=1.3 h1=DN
[2026-05-13 13:28:53] ❌ [sniper_impulse] CL-OIL retcode=10016
[2026-05-13 13:28:55] 🛑 SL CASCADE EURNZD — ticket #1295024378 hit SL, net sibling P&L=+$3.63, closing 1 sibling(s)
[2026-05-13 13:28:55] 🔴 CASCADE CLOSED BUY EURNZD #1295018987 lot=0.12 P&L=+$3.63
[2026-05-13 13:28:59] ✅ [sniper_impulse] SELL EURAUD score=0.47 lot=0.11 sl=1.61635 tp=1.61511 rr=1.3 h1=DN
[2026-05-13 13:28:59] ✅ [sniper_impulse] BUY GBPNZD score=0.54 lot=0.12 sl=2.27779 tp=2.27910 rr=1.3 h1=FLAT
[2026-05-13 13:29:02] ✅ [sniper_impulse] SELL EURCAD score=0.44 lot=0.20 sl=1.60390 tp=1.60323 rr=1.3 h1=DN
[2026-05-13 13:29:12] ✅ [sniper_impulse] SELL USDCHF score=0.55 lot=0.21 sl=0.78155 tp=0.78118 rr=1.3 h1=UP
[2026-05-13 13:29:27] ✅ [sniper_impulse] BUY GBPUSD score=0.44 lot=0.13 sl=1.35045 tp=1.35121 rr=1.3 h1=DN
[2026-05-13 13:29:31] ✅ [sniper_impulse] SELL USDJPY score=0.20 lot=0.30 sl=157.80700 tp=157.75600 rr=1.3 h1=UP
[2026-05-13 13:30:00] ✅ [sniper_impulse] BUY EURNZD score=0.59 lot=0.17 sl=1.97538 tp=1.97635 rr=1.3 h1=UP
[2026-05-13 13:30:00] ✅ [sniper_impulse] SELL NZDUSD score=0.51 lot=0.25 sl=0.59294 tp=0.59255 rr=1.3 h1=DN
[2026-05-13 13:30:17] ✅ [sniper_impulse] BUY EURNZD score=0.49 lot=0.12 sl=1.97538 tp=1.97674 rr=1.3 h1=UP
[2026-05-13 13:30:35] ⚙ SETTINGS updated: max_portfolio_risk=15.0
[2026-05-13 13:30:39] 🛑 SL CASCADE NZDUSD — ticket #1295042799 hit SL, net sibling P&L=+$0.25, closing 1 sibling(s)
[2026-05-13 13:30:40] 🔴 CASCADE CLOSED SELL NZDUSD #1295021675 lot=0.25 P&L=+$0.25
[2026-05-13 13:30:42] ✅ [sniper_impulse] BUY EURUSD score=0.47 lot=0.10 sl=1.17121 tp=1.17218 rr=1.3 h1=DN
[2026-05-13 13:30:44] 📈 TRAIL SELL GBPCHF SL 1.05569 → 1.05561
[2026-05-13 13:30:44] ✅ [sniper_impulse] SELL USDCHF score=0.44 lot=0.13 sl=0.78155 tp=0.78098 rr=1.3 h1=UP
[2026-05-13 13:30:48] 📈 TRAIL BUY AUDUSD SL 0.72460 → 0.72475
[2026-05-13 13:30:48] 📈 TRAIL SELL GBPAUD SL 1.86380 → 1.86350
[2026-05-13 13:30:50] 📈 TRAIL BUY AUDUSD SL 0.72475 → 0.72483
[2026-05-13 13:30:51] 📈 TRAIL SELL GBPAUD SL 1.86350 → 1.86323
[2026-05-13 13:30:53] 📈 TRAIL SELL GBPCHF SL 1.05561 → 1.05554
[2026-05-13 13:30:53] ⚠ TRAIL failed GBPAUD retcode=10016
[2026-05-13 13:30:53] ✅ [sniper_impulse] BUY EURGBP score=0.49 lot=0.10 sl=0.86712 tp=0.86786 rr=1.3 h1=FLAT
[2026-05-13 13:30:55] 📈 TRAIL BUY EURNZD SL 1.97538 → 1.97568
[2026-05-13 13:30:57] 📈 TRAIL BUY EURNZD SL 1.97568 → 1.97589
[2026-05-13 13:31:00] ✅ [sniper_impulse] SELL EURCAD score=0.60 lot=0.30 sl=1.60404 tp=1.60360 rr=1.3 h1=DN
[2026-05-13 13:31:00] ✅ [normal] BUY XAGUSD score=0.69 lot=0.01 sl=86.95400 tp=87.79700 rr=2.5 h1=UP
[2026-05-13 13:31:00] ❌ [sniper_impulse] CL-OIL retcode=10016
[2026-05-13 13:31:02] 📈 TRAIL SELL GBPAUD SL 1.86323 → 1.86319
[2026-05-13 13:31:02] ❌ [sniper_impulse] CL-OIL retcode=10016
[2026-05-13 13:31:04] ❌ [sniper_impulse] CL-OIL retcode=10016
[2026-05-13 13:31:06] ❌ [sniper_impulse] CL-OIL retcode=10016
[2026-05-13 13:31:08] ❌ [sniper_impulse] CL-OIL retcode=10016
[2026-05-13 13:31:10] ✅ [sniper_impulse] BUY GBPUSD score=0.37 lot=0.09 sl=1.35045 tp=1.35148 rr=1.3 h1=DN
[2026-05-13 13:31:10] ✅ [sniper_impulse] SELL USDJPY score=0.16 lot=0.22 sl=157.79800 tp=157.72900 rr=1.3 h1=UP
[2026-05-13 13:31:12] 📈 TRAIL SELL GBPAUD SL 1.86319 → 1.86311
[2026-05-13 13:31:23] 🛑 SL CASCADE GBPCHF — ticket #1295029808 hit SL, net sibling P&L=+$1.74, closing 1 sibling(s)
[2026-05-13 13:31:23] 🔴 CASCADE CLOSED SELL GBPCHF #1295039607 lot=0.17 P&L=+$1.74
[2026-05-13 13:31:23] ✅ [sniper_impulse] SELL GBPCHF score=0.44 lot=0.12 sl=1.05557 tp=1.05493 rr=1.3 h1=DN
[2026-05-13 13:31:29] 📈 TRAIL SELL USDCAD SL 1.36941 → 1.36930
[2026-05-13 13:31:32] ⚠ TRAIL failed USDCAD retcode=10016
[2026-05-13 13:31:32] ❌ [sniper_impulse] CL-OIL retcode=10016
[2026-05-13 13:31:34] 📈 TRAIL SELL USDCAD SL 1.36930 → 1.36924
[2026-05-13 13:31:34] ❌ [sniper_impulse] CL-OIL retcode=10016
[2026-05-13 13:31:36] ❌ [sniper_impulse] CL-OIL retcode=10016
[2026-05-13 13:31:38] ❌ [sniper_impulse] CL-OIL retcode=10016
[2026-05-13 13:31:40] ❌ [sniper_impulse] CL-OIL retcode=10016
[2026-05-13 13:31:42] ❌ [sniper_impulse] CL-OIL retcode=10016
[2026-05-13 13:31:44] ❌ [sniper_impulse] CL-OIL retcode=10016
[2026-05-13 13:31:46] ❌ [sniper_impulse] CL-OIL retcode=10016
[2026-05-13 13:31:50] ❌ [sniper_impulse] CL-OIL retcode=10016
[2026-05-13 13:31:52] ❌ [sniper_impulse] CL-OIL retcode=10016
[2026-05-13 13:31:54] ❌ [sniper_impulse] CL-OIL retcode=10016
[2026-05-13 13:31:57] ❌ [sniper_impulse] CL-OIL retcode=10016
[2026-05-13 13:31:59] ⚙ SYMBOL REMOVED: CL-OIL
[2026-05-13 13:32:17] 📈 TRAIL BUY XAGUSD SL 86.73700 → 86.93800
[2026-05-13 13:32:17] ✅ [normal] BUY XAGUSD score=0.68 lot=0.01 sl=86.96800 tp=88.08800 rr=2.5 h1=UP
[2026-05-13 13:32:20] 📈 TRAIL BUY XAGUSD SL 86.93800 → 87.13700
[2026-05-13 13:32:22] 📈 TRAIL BUY XAGUSD SL 87.13700 → 87.18200
[2026-05-13 13:32:22] ✅ [sniper_impulse] SELL EURCAD score=0.63 lot=0.32 sl=1.60399 tp=1.60358 rr=1.3 h1=DN
[2026-05-13 13:32:28] 🛑 SL CASCADE GBPAUD — ticket #1295036481 hit SL, net sibling P&L=+$2.35, closing 1 sibling(s)
[2026-05-13 13:32:28] 🔴 CASCADE CLOSED SELL GBPAUD #1295038620 lot=0.09 P&L=+$2.35
[2026-05-13 13:32:28] 📈 TRAIL SELL EURAUD SL 1.61635 → 1.61606
[2026-05-13 13:32:28] ✅ [sniper_impulse] SELL EURCAD score=0.65 lot=0.30 sl=1.60399 tp=1.60355 rr=1.3 h1=DN
[2026-05-13 13:32:30] 📈 TRAIL SELL EURAUD SL 1.61606 → 1.61578
[2026-05-13 13:32:43] 🛑 SL CASCADE EURAUD — ticket #1295037688 hit SL, net sibling P&L=+$0.08, closing 1 sibling(s)
[2026-05-13 13:32:43] 🔴 CASCADE CLOSED SELL EURAUD #1295040167 lot=0.11 P&L=+$0.08
[2026-05-13 13:32:58] ✅ [sniper_impulse] SELL GBPAUD score=0.37 lot=0.08 sl=1.86325 tp=1.86159 rr=1.3 h1=DN
[2026-05-13 13:32:58] ✅ [sniper_impulse] SELL NZDUSD score=0.68 lot=0.23 sl=0.59301 tp=0.59260 rr=1.3 h1=DN
[2026-05-13 13:33:00] ✅ [sniper_impulse] SELL EURCAD score=0.62 lot=0.19 sl=1.60399 tp=1.60330 rr=1.3 h1=DN
[2026-05-13 13:33:02] 📈 TRAIL SELL GBPCAD SL 1.84961 → 1.84938
[2026-05-13 13:33:04] ⚠ TRAIL failed GBPCAD retcode=10016
[2026-05-13 13:33:06] 📈 TRAIL SELL GBPCAD SL 1.84938 → 1.84920
[2026-05-13 13:33:23] ✅ [sniper_impulse] SELL EURAUD score=0.44 lot=0.11 sl=1.61597 tp=1.61482 rr=1.3 h1=DN
[2026-05-13 13:33:46] 📈 TRAIL SELL GBPCAD SL 1.84920 → 1.84914
[2026-05-13 13:33:51] 📈 TRAIL BUY XAGUSD SL 87.18200 → 87.21000
[2026-05-13 13:33:51] 📈 TRAIL SELL USDCAD SL 1.36924 → 1.36919
[2026-05-13 13:33:51] ✅ [sniper_impulse] BUY GBPUSD score=0.47 lot=0.13 sl=1.35045 tp=1.35121 rr=1.3 h1=DN
[2026-05-13 13:33:51] ✅ [sniper_impulse] BUY AUDUSD score=0.45 lot=0.08 sl=0.72477 tp=0.72590 rr=1.3 h1=UP
[2026-05-13 13:33:53] 🛑 SL CASCADE AUDUSD — ticket #1295032782 hit SL, net sibling P&L=+$3.82, closing 2 sibling(s)
[2026-05-13 13:33:54] 🔴 CASCADE CLOSED BUY AUDUSD #1295037621 lot=0.26 P&L=+$4.94
[2026-05-13 13:33:54] 🔴 CASCADE CLOSED BUY AUDUSD #1295055737 lot=0.08 P&L=-$1.12
[2026-05-13 13:33:54] 📈 TRAIL BUY XAGUSD SL 86.95400 → 87.11000
[2026-05-13 13:33:54] ✅ [sniper_impulse] BUY AUDUSD score=0.46 lot=0.08 sl=0.72477 tp=0.72592 rr=1.3 h1=UP
[2026-05-13 13:33:54] ✅ [sniper_impulse] BUY XAUUSD score=0.74 lot=0.01 sl=4697.85000 tp=4708.45000 rr=1.3 h1=DN
[2026-05-13 13:33:56] 📈 TRAIL BUY XAGUSD SL 87.11000 → 87.24800
[2026-05-13 13:33:58] 🛑 SL CASCADE USDCAD — ticket #1295032366 hit SL, net sibling P&L=+$2.56, closing 1 sibling(s)
[2026-05-13 13:33:58] 🔴 CASCADE CLOSED SELL USDCAD #1295034535 lot=0.27 P&L=+$2.56
[2026-05-13 13:33:59] 📈 TRAIL BUY XAGUSD SL 87.21000 → 87.21500
[2026-05-13 13:33:59] 📈 TRAIL BUY XAUUSD SL 4695.89000 → 4698.66000
[2026-05-13 13:33:59] 📈 TRAIL BUY XAGUSD SL 87.24800 → 87.31000
[2026-05-13 13:33:59] ✅ [sniper_impulse] BUY EURNZD score=0.50 lot=0.35 sl=1.97527 tp=1.97573 rr=1.3 h1=FLAT
[2026-05-13 13:34:01] 📈 TRAIL BUY XAUUSD SL 4698.66000 → 4701.51000
[2026-05-13 13:34:03] 📈 TRAIL BUY XAGUSD SL 87.21500 → 87.23200
[2026-05-13 13:34:06] ✅ [sniper_impulse] BUY EURNZD score=0.57 lot=0.35 sl=1.97530 tp=1.97576 rr=1.3 h1=FLAT
[2026-05-13 13:34:06] ✅ [sniper_impulse] SELL EURJPY score=0.55 lot=0.19 sl=184.85900 tp=184.77800 rr=1.3 h1=DN
[2026-05-13 13:34:06] ✅ [sniper_impulse] SELL USDJPY score=0.24 lot=0.14 sl=157.79500 tp=157.68700 rr=1.3 h1=UP
[2026-05-13 13:34:10] ✅ [sniper_impulse] BUY EURNZD score=0.57 lot=0.35 sl=1.97530 tp=1.97576 rr=1.3 h1=FLAT
[2026-05-13 13:34:12] 📈 TRAIL BUY XAGUSD SL 87.23200 → 87.23700
[2026-05-13 13:34:18] 📈 TRAIL SELL GBPJPY SL 213.15800 → 213.13100
[2026-05-13 13:34:19] ✅ [sniper_impulse] BUY EURNZD score=0.64 lot=0.22 sl=1.97533 tp=1.97607 rr=1.3 h1=FLAT
[2026-05-13 13:34:19] ✅ [sniper_impulse] SELL NZDUSD score=0.56 lot=0.23 sl=0.59313 tp=0.59272 rr=1.3 h1=DN
[2026-05-13 13:34:21] ✅ [sniper_impulse] BUY EURNZD score=0.68 lot=0.16 sl=1.97533 tp=1.97634 rr=1.3 h1=UP
[2026-05-13 13:34:21] ✅ [sniper_impulse] BUY GBPNZD score=0.65 lot=0.11 sl=2.27730 tp=2.27877 rr=1.3 h1=FLAT
[2026-05-13 13:34:23] 📈 TRAIL BUY XAGUSD SL 87.23700 → 87.25200
[2026-05-13 13:34:27] 📈 TRAIL SELL GBPJPY SL 213.13100 → 213.12500
[2026-05-13 13:34:32] 📈 TRAIL BUY XAGUSD SL 87.31000 → 87.31900
[2026-05-13 13:34:34] 📈 TRAIL BUY XAGUSD SL 87.25200 → 87.31800
[2026-05-13 13:34:34] 📈 TRAIL BUY XAGUSD SL 87.31900 → 87.38300
[2026-05-13 13:34:34] 📈 TRAIL BUY XAGUSD SL 86.96800 → 87.18700
[2026-05-13 13:34:36] 📈 TRAIL BUY XAGUSD SL 87.18700 → 87.37800
[2026-05-13 13:34:38] 📈 TRAIL BUY XAGUSD SL 87.37800 → 87.41200
[2026-05-13 13:34:55] 🛑 SL CASCADE XAGUSD — ticket #1295050516 hit SL, net sibling P&L=+$27.80, closing 2 sibling(s)
[2026-05-13 13:34:55] 🔴 CASCADE CLOSED BUY XAGUSD #1294990583 lot=0.01 P&L=+$17.20
[2026-05-13 13:34:55] 🔴 CASCADE CLOSED BUY XAGUSD #1295046767 lot=0.01 P&L=+$10.60
[2026-05-13 13:34:59] ✅ [sniper_impulse] BUY XAGUSD score=0.76 lot=0.01 sl=86.99700 tp=88.06600 rr=1.3 h1=UP
[2026-05-13 13:35:12] 📈 TRAIL BUY XAUUSD SL 4701.51000 → 4702.01000
[2026-05-13 13:35:14] ✅ [normal] BUY XAUUSD score=0.80 lot=0.01 sl=4698.18000 tp=4719.35000 rr=2.5 h1=FLAT
[2026-05-13 13:35:18] 📈 TRAIL BUY XAUUSD SL 4702.01000 → 4702.80000
[2026-05-13 13:35:18] ✅ [sniper_impulse] SELL USDCAD score=0.53 lot=0.34 sl=1.36918 tp=1.36879 rr=1.3 h1=FLAT
[2026-05-13 13:35:23] 🛑 SL CASCADE XAUUSD — ticket #1295021088 hit SL, net sibling P&L=+$3.28, closing 2 sibling(s)
[2026-05-13 13:35:23] 🔴 CASCADE CLOSED BUY XAUUSD #1295056703 lot=0.01 P&L=+$2.51
[2026-05-13 13:35:23] 🔴 CASCADE CLOSED BUY XAUUSD #1295065797 lot=0.01 P&L=+$0.77
[2026-05-13 13:35:23] ✅ [sniper_impulse] SELL GBPAUD score=0.46 lot=0.06 sl=1.86317 tp=1.86108 rr=1.3 h1=DN
[2026-05-13 13:35:23] ✅ [normal] BUY XAUUSD score=0.79 lot=0.01 sl=4698.18000 tp=4723.10000 rr=2.5 h1=FLAT
[2026-05-13 13:35:40] ✅ [sniper_impulse] SELL GBPCHF score=0.37 lot=0.11 sl=1.05546 tp=1.05479 rr=1.3 h1=DN
[2026-05-13 13:35:48] 📈 TRAIL SELL USDCHF SL 0.78155 → 0.78144
[2026-05-13 13:35:59] ✅ [sniper_impulse] BUY EURNZD score=0.61 lot=0.25 sl=1.97524 tp=1.97588 rr=1.3 h1=FLAT
[2026-05-13 13:36:01] ✅ [sniper_impulse] BUY EURCAD score=0.57 lot=0.13 sl=1.60364 tp=1.60465 rr=1.3 h1=DN
[2026-05-13 13:36:03] ✅ [sniper_impulse] BUY EURNZD score=0.69 lot=0.17 sl=1.97524 tp=1.97621 rr=1.3 h1=FLAT
[2026-05-13 13:36:03] ✅ [sniper_impulse] BUY GBPNZD score=0.63 lot=0.12 sl=2.27708 tp=2.27839 rr=1.3 h1=FLAT
[2026-05-13 13:36:26] 📈 TRAIL SELL GBPJPY SL 213.12500 → 213.11800
[2026-05-13 13:37:05] ✅ [sniper_impulse] SELL EURAUD score=0.62 lot=0.39 sl=1.61582 tp=1.61548 rr=1.3 h1=DN
[2026-05-13 13:37:26] ✅ [sniper_impulse] BUY EURCAD score=0.47 lot=0.09 sl=1.60364 tp=1.60511 rr=1.3 h1=DN
[2026-05-13 13:37:37] ✅ [sniper_impulse] SELL EURJPY score=0.69 lot=0.44 sl=184.85800 tp=184.82300 rr=1.3 h1=DN
[2026-05-13 13:37:39] ⚠ USDJPY spread 28.0 > max 26.0
[2026-05-13 13:37:59] ✅ [sniper_impulse] BUY GBPUSD score=0.41 lot=0.09 sl=1.35045 tp=1.35151 rr=1.3 h1=DN
[2026-05-13 13:38:00] ✅ [sniper_impulse] SELL USDCAD score=0.55 lot=0.38 sl=1.36934 tp=1.36900 rr=1.3 h1=UP
[2026-05-13 13:38:00] ✅ [sniper_impulse] BUY NZDUSD score=0.58 lot=0.12 sl=0.59283 tp=0.59364 rr=1.3 h1=DN
[2026-05-13 13:38:02] ✅ [sniper_impulse] SELL EURJPY score=0.58 lot=0.24 sl=184.85400 tp=184.79200 rr=1.3 h1=DN
[2026-05-13 13:38:04] ✅ [sniper_impulse] BUY GBPCAD score=0.50 lot=0.05 sl=1.84879 tp=1.85118 rr=1.3 h1=DN
[2026-05-13 13:38:10] ⚙ SETTINGS updated: sniper_impulse_atr=1.2, sniper_impulse_trail=0.4, sniper_impulse_maxpos=3, sniper_impulse_score=0.41
[2026-05-13 13:38:10] ✅ [sniper_impulse] SELL USDCHF score=0.51 lot=0.15 sl=0.78139 tp=0.78088 rr=1.3 h1=UP
[2026-05-13 13:38:58] ✅ [sniper_impulse] SELL USDCAD score=0.62 lot=0.38 sl=1.36932 tp=1.36897 rr=1.3 h1=UP
[2026-05-13 13:39:09] ✅ [sniper_impulse] BUY EURUSD score=0.48 lot=0.13 sl=1.17147 tp=1.17218 rr=1.3 h1=DN
[2026-05-13 13:39:09] ✅ [sniper_impulse] SELL USDCAD score=0.67 lot=0.38 sl=1.36925 tp=1.36890 rr=1.3 h1=UP
[2026-05-13 13:39:15] 📈 TRAIL SELL USDCHF SL 0.78144 → 0.78139
[2026-05-13 13:39:24] ✅ [sniper_impulse] SELL USDCAD score=0.58 lot=0.31 sl=1.36922 tp=1.36881 rr=1.3 h1=FLAT
[2026-05-13 13:40:03] ✅ [sniper_impulse] SELL USDCAD score=0.54 lot=0.28 sl=1.36922 tp=1.36876 rr=1.3 h1=FLAT
[2026-05-13 13:40:10] ✅ [sniper_impulse] BUY EURNZD score=0.66 lot=0.14 sl=1.97517 tp=1.97627 rr=1.3 h1=FLAT
[2026-05-13 13:40:10] ✅ [sniper_impulse] SELL GBPJPY score=0.16 lot=0.18 sl=213.10900 tp=213.02800 rr=1.3 h1=DN
[2026-05-13 13:40:20] ⚙ STRATEGY sniper_impulse DISABLED
[2026-05-13 13:41:04] 📈 TRAIL SELL GBPJPY SL 213.15800 → 213.12200
[2026-05-13 13:41:06] ⚠ TRAIL failed GBPJPY retcode=10016
[2026-05-13 13:41:08] 📈 TRAIL SELL GBPJPY SL 213.12200 → 213.09800
[2026-05-13 13:41:41] ⚠ TRAIL failed GBPJPY retcode=10016
[2026-05-13 13:42:00] 📈 TRAIL SELL GBPJPY SL 213.09800 → 213.09400
[2026-05-13 13:43:15] 📈 TRAIL BUY EURGBP SL 0.86707 → 0.86723
[2026-05-13 13:43:17] 📈 TRAIL BUY EURGBP SL 0.86723 → 0.86737
[2026-05-13 13:43:30] 📈 TRAIL SELL GBPJPY SL 213.09400 → 213.08700
[2026-05-13 13:43:30] 📈 TRAIL BUY EURNZD SL 1.97517 → 1.97548
[2026-05-13 13:43:32] 📈 TRAIL SELL GBPJPY SL 213.08700 → 213.08000
[2026-05-13 13:43:32] 📈 TRAIL BUY EURNZD SL 1.97548 → 1.97574
[2026-05-13 13:43:36] 📈 TRAIL BUY EURGBP SL 0.86737 → 0.86742
[2026-05-13 13:44:38] 📈 TRAIL BUY EURNZD SL 1.97574 → 1.97579
[2026-05-13 13:46:28] ✅ [normal] BUY XAGUSD score=0.79 lot=0.01 sl=87.37000 tp=88.26600 rr=2.5 h1=UP
[2026-05-13 13:47:30] ⚠ USDJPY spread 27.0 > max 26.0
[2026-05-13 13:48:27] 🔴 CLOSE ALL: BUY EURCHF #1295025256 lot=0.11 P&L=-$3.94
[2026-05-13 13:48:27] 🔴 CLOSE ALL: BUY EURUSD #1295026328 lot=0.13 P&L=-$2.73
[2026-05-13 13:48:27] 🔴 CLOSE ALL: SELL USDCHF #1295044561 lot=0.13 P&L=-$3.49
[2026-05-13 13:48:27] 🔴 CLOSE ALL: BUY EURGBP #1295045370 lot=0.10 P&L=-$0.14
[2026-05-13 13:48:27] 🔴 CLOSE ALL: SELL GBPCHF #1295048238 lot=0.12 P&L=+$1.54
[2026-05-13 13:48:27] 🔴 CLOSE ALL: SELL GBPAUD #1295051652 lot=0.08 P&L=+$0.46
[2026-05-13 13:48:28] 🔴 CLOSE ALL: SELL EURAUD #1295052557 lot=0.11 P&L=-$1.12
[2026-05-13 13:48:28] 🔴 CLOSE ALL: BUY AUDUSD #1295056687 lot=0.08 P&L=-$2.40
[2026-05-13 13:48:28] 🔴 CLOSE ALL: BUY XAGUSD #1295063754 lot=0.01 P&L=+$0.45
[2026-05-13 13:48:28] 🔴 CLOSE ALL: SELL GBPAUD #1295067873 lot=0.06 P&L=-$0.78
[2026-05-13 13:48:28] 🔴 CLOSE ALL: BUY XAUUSD #1295067893 lot=0.01 P&L=-$1.78
[2026-05-13 13:48:28] 🔴 CLOSE ALL: BUY EURCAD #1295070926 lot=0.13 P&L=-$0.09
[2026-05-13 13:48:28] 🔴 CLOSE ALL: BUY EURCAD #1295075710 lot=0.09 P&L=-$1.38
[2026-05-13 13:48:28] 🔴 CLOSE ALL: BUY NZDUSD #1295076786 lot=0.12 P&L=-$3.72
[2026-05-13 13:48:28] 🔴 CLOSE ALL: BUY GBPCAD #1295077111 lot=0.05 P&L=-$2.41
[2026-05-13 13:48:28] 🔴 CLOSE ALL: BUY XAGUSD #1295105110 lot=0.01 P&L=-$7.75
[2026-05-13 13:48:28] 🔴 CLOSE ALL complete — 16/16 positions closed
[2026-05-13 13:56:56] ⚠ EURCAD spread 21.0 > max 19.0
[2026-05-13 14:09:21] ⚠ USDJPY spread 28.0 > max 26.0
[2026-05-13 14:11:19] ⚠ USDJPY spread 27.0 > max 26.0
[2026-05-13 14:15:32] ⚠ GBPCAD spread 24.0 > max 23.0
[2026-05-13 14:20:15] ⚠ USDJPY spread 27.0 > max 26.0
[2026-05-13 14:22:46] ⚠ USDJPY spread 28.0 > max 26.0
[2026-05-13 14:27:02] ⚠ USDJPY spread 28.0 > max 26.0
[2026-05-13 14:28:04] ⚠ GBPAUD spread 26.0 > max 22.0
[2026-05-13 14:28:16] ⚠ GBPJPY spread 27.0 > max 25.0
[2026-05-13 14:28:18] ⚠ EURNZD spread 29.0 > max 18.0
[2026-05-13 14:28:22] ⚠ USDJPY spread 28.0 > max 26.0
[2026-05-13 14:29:06] ⚠ GBPAUD spread 26.0 > max 22.0
[2026-05-13 14:29:14] ⚠ EURCAD spread 22.0 > max 19.0
[2026-05-13 14:29:18] ⚠ GBPJPY spread 26.0 > max 25.0
[2026-05-13 14:29:24] ⚠ USDJPY spread 28.0 > max 26.0
[2026-05-13 14:29:35] ⚠ EURNZD spread 28.0 > max 18.0
[2026-05-13 14:29:41] ⚠ GBPCAD spread 24.0 > max 23.0
[2026-05-13 14:29:49] ⚠ EURCHF spread 19.0 > max 18.0
[2026-05-13 14:29:49] ⚠ USDCHF spread 20.0 > max 19.0
[2026-05-13 14:30:01] ✅ [normal] SELL EURUSD score=0.55 lot=0.06 sl=1.17055 tp=1.16810 rr=2.5 h1=DN
[2026-05-13 14:30:01] ⚠ EURAUD spread 26.0 > max 20.0
[2026-05-13 14:30:01] ⚠ GBPCHF spread 21.0 > max 13.0
[2026-05-13 14:30:02] ✅ [normal] BUY USDJPY score=0.84 lot=0.06 sl=157.80000 tp=158.13900 rr=2.5 h1=UP
[2026-05-13 14:30:06] ⚠ GBPAUD spread 38.0 > max 22.0
[2026-05-13 14:30:18] ⚠ EURCAD spread 21.0 > max 19.0
[2026-05-13 14:30:18] ⚠ GBPJPY spread 26.0 > max 25.0
[2026-05-13 14:30:33] ⚠ USDJPY spread 28.0 > max 26.0
[2026-05-13 14:30:35] ⚠ EURNZD spread 28.0 > max 18.0
[2026-05-13 14:30:47] ⚠ GBPCAD spread 24.0 > max 23.0
[2026-05-13 14:30:49] ⚠ GBPUSD spread 23.0 > max 18.0
[2026-05-13 14:31:08] ⚠ GBPAUD spread 25.0 > max 22.0
[2026-05-13 14:31:20] ⚠ GBPJPY spread 27.0 > max 25.0
[2026-05-13 14:31:22] ⚠ EURCAD spread 22.0 > max 19.0
[2026-05-13 14:31:45] ⚠ EURCHF spread 19.0 > max 18.0
[2026-05-13 14:31:45] ⚠ EURNZD spread 28.0 > max 18.0
[2026-05-13 14:31:47] ⚠ USDJPY spread 27.0 > max 26.0
[2026-05-13 14:32:10] ⚠ GBPAUD spread 25.0 > max 22.0
[2026-05-13 14:32:22] ⚠ GBPJPY spread 26.0 > max 25.0
[2026-05-13 14:32:56] ⚠ USDJPY spread 27.0 > max 26.0
[2026-05-13 14:33:10] ⚠ GBPAUD spread 26.0 > max 22.0
[2026-05-13 14:33:35] 🖐 MANUAL SELL XAUUSD lot=0.01 sl=4687.73000 tp=4653.04000
[2026-05-13 14:34:00] ⚠ USDJPY spread 27.0 > max 26.0
[2026-05-13 14:34:10] ⚠ GBPCAD spread 24.0 > max 23.0
[2026-05-13 14:34:35] ⚠ GBPAUD spread 26.0 > max 22.0
[2026-05-13 14:35:31] ⚠ USDJPY spread 27.0 > max 26.0
[2026-05-13 14:35:39] ⚠ EURUSD spread 18.0 > max 17.5
[2026-05-13 14:36:45] ⚠ USDJPY spread 27.0 > max 26.0
[2026-05-13 14:39:04] ⚠ EURUSD spread 19.0 > max 17.5
[2026-05-13 14:40:33] ✅ [normal] SELL NZDUSD score=0.57 lot=0.07 sl=0.59273 tp=0.59077 rr=2.5 h1=DN
[2026-05-13 14:48:16] 🖐 MANUAL SELL XAUUSD lot=0.01 sl=4687.29000 tp=4669.75000
[2026-05-13 14:49:13] ✅ [normal] BUY USDCHF score=0.58 lot=0.06 sl=0.78222 tp=0.78407 rr=2.5 h1=UP
[2026-05-13 14:54:19] ⚠ EURNZD spread 28.0 > max 18.0
[2026-05-13 14:54:31] 🚀 SCALPER MERGED STARTED — Normal + Crypto + Sniper (Breakout/Impulse/Reversion)
[2026-05-13 14:54:31] 📌 Session start: $2351.32
[2026-05-13 14:55:22] 📈 TRAIL SELL XAUUSD SL 4687.29000 → 4684.06000
[2026-05-13 14:55:25] 📈 TRAIL SELL XAUUSD SL 4684.06000 → 4680.85000
[2026-05-13 14:55:27] 📈 TRAIL SELL XAUUSD SL 4680.85000 → 4680.59000
[2026-05-13 15:00:25] ⚠ GBPAUD spread 25.0 > max 22.0
[2026-05-13 15:01:28] ⚙ STRATEGY sniper_impulse ENABLED
[2026-05-13 15:01:56] ⚠ GBPAUD spread 25.0 > max 22.0
[2026-05-13 15:01:58] ✅ [sniper_impulse] BUY XAGUSD score=0.53 lot=0.01 sl=86.25700 tp=86.84600 rr=1.3 h1=UP
[2026-05-13 15:02:00] ✅ [sniper_impulse] BUY XAUUSD score=0.56 lot=0.01 sl=4681.24000 tp=4698.01000 rr=1.3 h1=DN
[2026-05-13 15:02:09] ✅ [sniper_impulse] BUY XAGUSD score=0.57 lot=0.01 sl=86.25700 tp=87.09600 rr=1.3 h1=UP
[2026-05-13 15:02:57] 📈 TRAIL BUY XAGUSD SL 86.25700 → 86.43900
[2026-05-13 15:02:59] 📈 TRAIL BUY XAGUSD SL 86.43900 → 86.64000
[2026-05-13 15:03:11] 🛑 SL CASCADE XAGUSD — ticket #1295556492 hit SL, net sibling P&L=+$1.05, closing 1 sibling(s)
[2026-05-13 15:03:12] 🔴 CASCADE CLOSED BUY XAGUSD #1295557176 lot=0.01 P&L=+$1.05
[2026-05-13 15:04:33] ✅ [normal] BUY XAGUSD score=0.58 lot=0.01 sl=86.34300 tp=87.74600 rr=2.5 h1=UP
[2026-05-13 15:12:38] ✅ [normal] BUY XAGUSD score=0.64 lot=0.01 sl=86.66800 tp=87.44800 rr=2.5 h1=UP
[2026-05-13 15:14:20] ✅ [normal] BUY XAGUSD score=0.66 lot=0.01 sl=86.68300 tp=87.70500 rr=2.5 h1=UP
[2026-05-13 15:14:32] ✅ [sniper_impulse] BUY XAUUSD score=0.75 lot=0.01 sl=4685.35000 tp=4698.99000 rr=1.3 h1=DN
[2026-05-13 15:16:22] ⚠ USDJPY spread 27.0 > max 26.0
[2026-05-13 15:17:19] 📈 TRAIL BUY XAGUSD SL 86.34300 → 86.59500
[2026-05-13 15:17:21] 📈 TRAIL BUY XAGUSD SL 86.59500 → 86.84900
[2026-05-13 15:17:23] 📈 TRAIL BUY XAGUSD SL 86.84900 → 86.87700
[2026-05-13 15:17:29] 📈 TRAIL BUY XAGUSD SL 86.87700 → 86.89000
[2026-05-13 15:17:31] 📈 TRAIL BUY XAGUSD SL 86.66800 → 86.80400
[2026-05-13 15:17:34] 📈 TRAIL BUY XAGUSD SL 86.80400 → 86.92400
[2026-05-13 15:17:36] 📈 TRAIL BUY XAGUSD SL 86.92400 → 86.97400
[2026-05-13 15:17:52] 📈 TRAIL BUY XAGUSD SL 86.89000 → 86.89600
[2026-05-13 15:18:05] 📈 TRAIL BUY XAGUSD SL 86.89600 → 86.90900
[2026-05-13 15:18:15] 📈 TRAIL BUY XAGUSD SL 86.97400 → 86.99200
[2026-05-13 15:18:20] 📈 TRAIL BUY XAGUSD SL 86.90900 → 86.92900
[2026-05-13 15:20:28] 🛑 SL CASCADE XAGUSD — ticket #1295597702 hit SL, net sibling P&L=+$13.85, closing 2 sibling(s)
[2026-05-13 15:20:28] 🔴 CASCADE CLOSED BUY XAGUSD #1295565975 lot=0.01 P&L=+$12.70
[2026-05-13 15:20:28] 🔴 CASCADE CLOSED BUY XAGUSD #1295604186 lot=0.01 P&L=+$1.15
[2026-05-13 15:20:43] 📈 TRAIL BUY XAUUSD SL 4681.24000 → 4685.79000
[2026-05-13 15:20:45] 📈 TRAIL BUY XAUUSD SL 4685.79000 → 4690.26000
[2026-05-13 15:20:47] 📈 TRAIL BUY XAUUSD SL 4690.26000 → 4691.35000
[2026-05-13 15:21:12] 🛑 SL CASCADE XAUUSD — ticket #1295556694 hit SL, net sibling P&L=+$0.03, closing 1 sibling(s)
[2026-05-13 15:21:12] 🔴 CASCADE CLOSED BUY XAUUSD #1295606239 lot=0.01 P&L=+$0.03
[2026-05-13 15:21:57] ✅ [sniper_impulse] BUY XAUUSD score=0.84 lot=0.01 sl=4686.48000 tp=4700.67000 rr=1.3 h1=DN
[2026-05-13 15:21:57] ✅ [sniper_impulse] BUY XAGUSD score=0.84 lot=0.01 sl=86.91600 tp=87.24000 rr=1.3 h1=UP
[2026-05-13 15:23:49] ✅ [normal] BUY XAGUSD score=0.75 lot=0.01 sl=86.94700 tp=87.51100 rr=2.5 h1=UP
[2026-05-13 15:25:43] ⚙ STRATEGY sniper_breakout ENABLED
[2026-05-13 15:26:57] ⚙ SETTINGS updated: sniper_breakout_maxpos=3, sniper_reversion_maxpos=3
[2026-05-13 15:27:07] ✅ [sniper_breakout] SELL XAGUSD score=0.73 lot=0.01 sl=87.10300 tp=86.68100 rr=1.2 h1=UP
[2026-05-13 15:29:03] ✅ [sniper_impulse] BUY XAUUSD score=0.82 lot=0.03 sl=4687.67000 tp=4693.28000 rr=1.3 h1=DN
[2026-05-13 15:30:43] ⚙ STRATEGY sniper_reversion ENABLED
[2026-05-13 15:31:18] ✅ [sniper_breakout] SELL XAUUSD score=0.53 lot=0.01 sl=4693.62000 tp=4677.65000 rr=1.2 h1=DN
[2026-05-13 15:31:59] ⚠ USDJPY spread 28.0 > max 26.0
[2026-05-13 15:32:28] ✅ [sniper_breakout] BUY XAGUSD score=0.69 lot=0.01 sl=86.85600 tp=87.39100 rr=1.2 h1=UP
[2026-05-13 15:32:37] ✅ [normal] BUY XAGUSD score=0.69 lot=0.01 sl=86.85600 tp=88.03900 rr=2.5 h1=UP
[2026-05-13 15:34:27] ✅ [sniper_impulse] SELL XAUUSD score=0.42 lot=0.01 sl=4690.78000 tp=4674.38000 rr=1.3 h1=DN
[2026-05-13 15:35:28] 📈 TRAIL SELL XAUUSD SL 4693.62000 → 4689.12000
[2026-05-13 15:35:30] 📈 TRAIL SELL XAUUSD SL 4689.12000 → 4684.96000
[2026-05-13 15:35:32] 📈 TRAIL SELL XAUUSD SL 4684.96000 → 4683.83000
[2026-05-13 15:35:40] 📈 TRAIL SELL XAUUSD SL 4683.83000 → 4683.68000
[2026-05-13 15:35:40] ✅ [sniper_breakout] SELL XAGUSD score=0.61 lot=0.01 sl=87.16000 tp=86.43000 rr=1.2 h1=UP
[2026-05-13 15:35:43] 📈 TRAIL SELL XAUUSD SL 4683.68000 → 4683.10000
[2026-05-13 15:35:47] 📈 TRAIL SELL XAUUSD SL 4683.10000 → 4682.90000
[2026-05-13 15:35:58] 📈 TRAIL SELL XAUUSD SL 4682.90000 → 4682.39000
[2026-05-13 15:35:58] 📈 TRAIL SELL XAUUSD SL 4690.78000 → 4685.34000
[2026-05-13 15:35:58] ✅ [sniper_breakout] SELL XAGUSD score=0.55 lot=0.01 sl=87.16000 tp=86.08900 rr=1.2 h1=UP
[2026-05-13 15:36:00] 🛑 SL CASCADE XAUUSD — ticket #1295692204 hit SL, net sibling P&L=+$5.53, closing 1 sibling(s)
[2026-05-13 15:36:00] 🔴 CASCADE CLOSED SELL XAUUSD #1295720898 lot=0.01 P&L=+$5.53
[2026-05-13 15:36:07] ✅ [normal] BUY USDCAD score=0.58 lot=0.06 sl=1.36968 tp=1.37255 rr=2.5 h1=UP
[2026-05-13 15:36:50] ✅ [normal] BUY USDCAD score=0.58 lot=0.04 sl=1.36968 tp=1.37374 rr=2.5 h1=UP
[2026-05-13 15:38:09] 📈 TRAIL SELL XAGUSD SL 87.16000 → 86.93900
[2026-05-13 15:38:11] 📈 TRAIL SELL XAGUSD SL 86.93900 → 86.69500
[2026-05-13 15:41:40] 📈 TRAIL BUY USDCAD SL 1.36968 → 1.37022
[2026-05-13 15:41:43] 📈 TRAIL BUY USDCAD SL 1.37022 → 1.37076
[2026-05-13 15:41:45] 📈 TRAIL BUY USDCAD SL 1.37076 → 1.37081
[2026-05-13 15:41:57] ✅ [sniper_impulse] SELL XAGUSD score=0.64 lot=0.01 sl=87.19000 tp=86.77400 rr=1.3 h1=UP
[2026-05-13 15:42:41] 📈 TRAIL BUY USDCAD SL 1.37081 → 1.37086
[2026-05-13 15:42:45] ⚠ EURNZD spread 28.0 > max 18.0
[2026-05-13 15:42:47] ✅ [normal] BUY XAGUSD score=0.61 lot=0.01 sl=86.51200 tp=88.98300 rr=2.5 h1=UP
[2026-05-13 15:43:16] ✅ [sniper_breakout] BUY AUDUSD score=0.55 lot=0.05 sl=0.72392 tp=0.72566 rr=1.2 h1=UP
[2026-05-13 15:45:27] ⚠ USDJPY spread 28.0 > max 26.0
[2026-05-13 15:48:17] ✅ [sniper_breakout] SELL NZDUSD score=0.59 lot=0.07 sl=0.59284 tp=0.59170 rr=1.2 h1=DN
[2026-05-13 15:48:34] ✅ [sniper_reversion] BUY AUDUSD score=0.57 lot=0.22 sl=0.72393 tp=0.72429 rr=1.1 h1=UP
[2026-05-13 15:48:34] ✅ [sniper_breakout] SELL NZDUSD score=0.58 lot=0.05 sl=0.59284 tp=0.59126 rr=1.2 h1=DN
[2026-05-13 15:48:36] ⚡ AUDUSD conflicting signals (1× BUY vs 2× SELL) — locking to SELL
[2026-05-13 15:48:36] ✅ [sniper_breakout] SELL AUDUSD score=0.57 lot=0.04 sl=0.72478 tp=0.72289 rr=1.2 h1=UP
[2026-05-13 15:49:59] ⚠ GBPCAD spread 24.0 > max 23.0
[2026-05-13 15:50:13] ⚙ STRATEGY normal DISABLED
[2026-05-13 15:52:02] ✅ [sniper_breakout] BUY XAGUSD score=0.72 lot=0.01 sl=86.52900 tp=87.31400 rr=1.2 h1=UP
[2026-05-13 15:52:45] ⚙ STRATEGY normal ENABLED
[2026-05-13 15:53:39] ⚠ EURCAD spread 21.0 > max 19.0
[2026-05-13 15:54:35] ⚠ GBPAUD spread 26.0 > max 22.0
[2026-05-13 15:54:38] 📈 TRAIL BUY XAGUSD SL 86.52900 → 86.77700
[2026-05-13 15:54:40] 📈 TRAIL BUY XAGUSD SL 86.77700 → 87.03000
[2026-05-13 15:54:57] 📈 TRAIL BUY XAGUSD SL 87.03000 → 87.04800
[2026-05-13 15:55:01] ✅ [sniper_breakout] BUY AUDUSD score=0.54 lot=0.06 sl=0.72419 tp=0.72547 rr=1.2 h1=UP
[2026-05-13 15:55:24] 📈 TRAIL BUY XAGUSD SL 87.04800 → 87.05700
[2026-05-13 15:55:32] ⚠ GBPCAD spread 24.0 > max 23.0
[2026-05-13 15:56:18] ✅ [sniper_impulse] SELL XAUUSD score=0.42 lot=0.01 sl=4683.28000 tp=4671.76000 rr=1.3 h1=DN
[2026-05-13 15:56:58] ✅ [sniper_impulse] BUY AUDUSD score=0.75 lot=0.14 sl=0.72422 tp=0.72484 rr=1.3 h1=UP
[2026-05-13 15:58:56] 📈 TRAIL BUY AUDUSD SL 0.72422 → 0.72439
[2026-05-13 15:58:57] 🖐 MANUAL BUY XAUUSD lot=0.01 sl=4676.24000 tp=4694.62000
[2026-05-13 15:58:58] 📈 TRAIL BUY AUDUSD SL 0.72439 → 0.72452
[2026-05-13 15:59:11] ✅ [sniper_breakout] BUY NZDUSD score=0.64 lot=0.08 sl=0.59239 tp=0.59336 rr=1.2 h1=DN
[2026-05-13 15:59:15] 📈 TRAIL BUY AUDUSD SL 0.72452 → 0.72457
[2026-05-13 15:59:26] 📈 TRAIL BUY AUDUSD SL 0.72457 → 0.72462
[2026-05-13 16:00:58] ✅ [sniper_impulse] BUY XAGUSD score=0.73 lot=0.01 sl=86.76300 tp=87.18200 rr=1.3 h1=UP
[2026-05-13 16:01:00] 📈 TRAIL SELL XAUUSD SL 4683.28000 → 4680.03000
[2026-05-13 16:01:02] 📈 TRAIL SELL XAUUSD SL 4680.03000 → 4677.08000
[2026-05-13 16:01:05] 📈 TRAIL SELL XAUUSD SL 4677.08000 → 4676.63000
[2026-05-13 16:01:11] 📈 TRAIL SELL XAUUSD SL 4676.63000 → 4676.58000
[2026-05-13 16:01:13] 📈 TRAIL SELL XAUUSD SL 4676.58000 → 4676.18000
[2026-05-13 16:01:26] 📈 TRAIL SELL XAUUSD SL 4676.18000 → 4676.11000
[2026-05-13 16:01:30] 📈 TRAIL SELL XAUUSD SL 4676.11000 → 4675.66000
[2026-05-13 16:02:03] 📈 TRAIL BUY XAGUSD SL 86.76300 → 86.88500
[2026-05-13 16:02:05] 📈 TRAIL BUY XAGUSD SL 86.88500 → 86.99300
[2026-05-13 16:03:01] 🚀 SCALPER MERGED STARTED — Normal + Crypto + Sniper (Breakout/Impulse/Reversion)
[2026-05-13 16:03:01] 📌 Session start: $2351.32
[2026-05-13 16:03:28] ⚠ GBPCAD spread 24.0 > max 23.0
[2026-05-13 16:05:43] ⚠ GBPCAD spread 24.0 > max 23.0
[2026-05-13 16:07:52] ✅ [normal] BUY XAGUSD score=0.74 lot=0.01 sl=86.98400 tp=88.74400 rr=2.5 h1=UP
[2026-05-13 16:08:23] ✅ [sniper_impulse] SELL XAUUSD score=0.43 lot=0.02 sl=4681.94000 tp=4672.74000 rr=1.3 h1=DN
[2026-05-13 16:12:31] ✅ [sniper_breakout] BUY XAUUSD score=0.58 lot=0.01 sl=4675.07000 tp=4691.33000 rr=1.2 h1=DN
[2026-05-13 16:13:14] 📈 TRAIL BUY AUDUSD SL 0.72419 → 0.72455
[2026-05-13 16:13:16] 📈 TRAIL BUY AUDUSD SL 0.72455 → 0.72495
[2026-05-13 16:16:50] ✅ [normal] SELL EURCAD score=0.55 lot=0.14 sl=1.60476 tp=1.60224 rr=2.5 h1=DN
[2026-05-13 16:17:57] ✅ [sniper_impulse] BUY XAUUSD score=0.61 lot=0.02 sl=4673.81000 tp=4682.37000 rr=1.3 h1=DN
[2026-05-13 16:24:52] ✅ [sniper_impulse] BUY XAUUSD score=0.46 lot=0.01 sl=4673.54000 tp=4693.71000 rr=1.3 h1=DN
[2026-05-13 16:24:56] 📈 TRAIL SELL EURCAD SL 1.60476 → 1.60432
[2026-05-13 16:24:58] 📈 TRAIL SELL EURCAD SL 1.60432 → 1.60393
[2026-05-13 16:25:00] 📈 TRAIL SELL EURCAD SL 1.60393 → 1.60380
[2026-05-13 16:25:07] 📈 TRAIL BUY XAGUSD SL 86.51200 → 86.94000
[2026-05-13 16:25:09] 📈 TRAIL BUY XAGUSD SL 86.94000 → 87.35600
[2026-05-13 16:25:11] 📈 TRAIL BUY XAGUSD SL 87.35600 → 87.50900
[2026-05-13 16:25:11] ✅ [normal] BUY XAGUSD score=0.66 lot=0.01 sl=87.15000 tp=88.94900 rr=2.5 h1=UP
[2026-05-13 16:26:28] ✅ [sniper_breakout] BUY XAUUSD score=0.55 lot=0.01 sl=4675.62000 tp=4697.20000 rr=1.2 h1=DN
[2026-05-13 16:29:47] ⚠ GBPCAD spread 33.0 > max 23.0
[2026-05-13 16:31:06] 📈 TRAIL BUY XAGUSD SL 86.98400 → 87.29900
[2026-05-13 16:31:08] 📈 TRAIL BUY XAGUSD SL 87.50900 → 87.53600
[2026-05-13 16:31:09] 📈 TRAIL BUY XAGUSD SL 87.29900 → 87.64000
[2026-05-13 16:31:11] 📈 TRAIL BUY XAGUSD SL 87.64000 → 87.68000
[2026-05-13 16:31:13] 📈 TRAIL BUY XAGUSD SL 87.53600 → 87.58400
[2026-05-13 16:31:13] 📈 TRAIL BUY XAGUSD SL 87.68000 → 87.70800
[2026-05-13 16:31:20] 📈 TRAIL BUY XAGUSD SL 87.58400 → 87.59600
[2026-05-13 16:31:20] 📈 TRAIL BUY XAGUSD SL 87.70800 → 87.73400
[2026-05-13 16:31:50] 📈 TRAIL BUY XAUUSD SL 4673.54000 → 4678.87000
[2026-05-13 16:31:52] 📈 TRAIL BUY XAUUSD SL 4678.87000 → 4685.22000
[2026-05-13 16:31:52] 📈 TRAIL BUY XAGUSD SL 87.15000 → 87.46100
[2026-05-13 16:31:54] 📈 TRAIL BUY XAUUSD SL 4685.22000 → 4686.02000
[2026-05-13 16:31:54] 📈 TRAIL BUY XAGUSD SL 87.46100 → 87.76500
[2026-05-13 16:31:54] ✅ [sniper_breakout] BUY XAUUSD score=0.78 lot=0.01 sl=4683.02000 tp=4696.51000 rr=1.2 h1=DN
[2026-05-13 16:31:56] 📈 TRAIL BUY XAGUSD SL 87.76500 → 87.85200
[2026-05-13 16:33:03] 📈 TRAIL BUY NZDUSD SL 0.59239 → 0.59268
[2026-05-13 16:33:05] ⚠ TRAIL failed NZDUSD retcode=10016
[2026-05-13 16:33:07] 📈 TRAIL BUY NZDUSD SL 0.59268 → 0.59301
[2026-05-13 16:33:34] 📈 TRAIL BUY XAGUSD SL 87.59600 → 87.60300
[2026-05-13 16:33:39] 📈 TRAIL BUY XAGUSD SL 87.60300 → 87.61000
[2026-05-13 16:33:39] 📈 TRAIL BUY XAGUSD SL 87.73400 → 87.74700
[2026-05-13 16:34:02] 📈 TRAIL BUY XAGUSD SL 87.61000 → 87.62700
[2026-05-13 16:34:02] 📈 TRAIL BUY XAGUSD SL 87.74700 → 87.76800
[2026-05-13 16:34:20] 📈 TRAIL BUY XAGUSD SL 87.62700 → 87.63800
[2026-05-13 16:34:21] 📈 TRAIL BUY XAGUSD SL 87.85200 → 87.85900
[2026-05-13 16:34:37] 📈 TRAIL BUY XAGUSD SL 87.63800 → 87.66100
[2026-05-13 16:34:37] 📈 TRAIL BUY XAGUSD SL 87.76800 → 87.79800
[2026-05-13 16:34:38] 📈 TRAIL BUY XAGUSD SL 87.85900 → 87.88500
[2026-05-13 16:34:46] 📈 TRAIL BUY XAGUSD SL 87.66100 → 87.68800
[2026-05-13 16:34:46] 📈 TRAIL BUY XAGUSD SL 87.79800 → 87.81500
[2026-05-13 16:34:46] 📈 TRAIL BUY XAGUSD SL 87.88500 → 87.90600
[2026-05-13 16:34:48] 📈 TRAIL BUY XAGUSD SL 87.68800 → 87.71600
[2026-05-13 16:34:48] 📈 TRAIL BUY XAGUSD SL 87.81500 → 87.85700
[2026-05-13 16:34:49] 📈 TRAIL BUY XAUUSD SL 4686.02000 → 4686.27000
[2026-05-13 16:34:50] 📈 TRAIL BUY XAGUSD SL 87.90600 → 87.94000
[2026-05-13 16:34:52] 📈 TRAIL BUY XAUUSD SL 4686.27000 → 4686.45000
[2026-05-13 16:36:05] 📈 TRAIL BUY XAGUSD SL 87.71600 → 87.72100
[2026-05-13 16:36:09] 📈 TRAIL BUY XAUUSD SL 4686.45000 → 4686.54000
[2026-05-13 16:36:18] 📈 TRAIL BUY XAUUSD SL 4686.54000 → 4686.71000
[2026-05-13 16:37:13] ⚙ SETTINGS updated: max_pos=5, sniper_breakout_maxpos=5, sniper_impulse_maxpos=5, sniper_reversion_maxpos=5
[2026-05-13 16:37:53] 🛑 SL CASCADE XAGUSD — ticket #1296093469 hit SL, net sibling P&L=+$59.70, closing 2 sibling(s)
[2026-05-13 16:37:54] 🔴 CASCADE CLOSED BUY XAGUSD #1295807239 lot=0.01 P&L=+$36.55
[2026-05-13 16:37:54] 🔴 CASCADE CLOSED BUY XAGUSD #1295993932 lot=0.01 P&L=+$23.15
[2026-05-13 16:37:58] ✅ [sniper_impulse] BUY XAGUSD score=0.93 lot=0.01 sl=87.83700 tp=88.21000 rr=1.3 h1=UP
[2026-05-13 16:40:10] ✅ [normal] BUY XAGUSD score=0.81 lot=0.01 sl=87.88700 tp=88.58000 rr=2.5 h1=UP
[2026-05-13 16:42:41] 📈 TRAIL BUY XAGUSD SL 87.83700 → 87.93900
[2026-05-13 16:42:44] 📈 TRAIL BUY XAGUSD SL 87.93900 → 88.06200
[2026-05-13 16:42:56] 📈 TRAIL BUY XAGUSD SL 88.06200 → 88.06700
[2026-05-13 16:42:58] 📈 TRAIL BUY XAGUSD SL 88.06700 → 88.08600
[2026-05-13 16:45:01] ✅ [sniper_impulse] BUY XAGUSD score=0.89 lot=0.01 sl=87.84300 tp=88.20900 rr=1.3 h1=UP
[2026-05-13 16:45:32] ✅ [sniper_breakout] SELL XAGUSD score=0.69 lot=0.01 sl=88.17100 tp=87.44500 rr=1.2 h1=UP
[2026-05-13 16:47:59] ✅ [sniper_breakout] BUY XAGUSD score=0.60 lot=0.01 sl=87.73400 tp=88.77900 rr=1.2 h1=UP
[2026-05-13 16:50:10] ⚠ GBPCAD spread 24.0 > max 23.0
[2026-05-13 16:51:57] ⚠ GBPCAD spread 24.0 > max 23.0
[2026-05-13 16:53:19] 🚀 SCALPER MERGED STARTED — Normal + Crypto + Sniper (Breakout/Impulse/Reversion)
[2026-05-13 16:53:19] 📌 Session start: $2351.32
[2026-05-13 16:56:57] ✅ [sniper_impulse] BUY XAGUSD score=0.82 lot=0.01 sl=87.82300 tp=88.19600 rr=1.3 h1=UP
[2026-05-13 16:57:30] ⚠ USDJPY spread 27.0 > max 26.0
[2026-05-13 17:04:56] ✅ [normal] BUY GBPJPY score=0.85 lot=0.10 sl=213.30300 tp=213.69800 rr=2.5 h1=FLAT
[2026-05-13 17:05:29] 🚀 SCALPER MERGED STARTED — Normal + Crypto + Sniper (Breakout/Impulse/Reversion)
[2026-05-13 17:05:29] 📌 Session start: $2351.32
[2026-05-13 17:08:28] ✅ [normal] BUY XAGUSD score=0.73 lot=0.01 sl=87.98900 tp=89.31200 rr=2.5 h1=UP
[2026-05-13 17:08:55] 📈 TRAIL BUY XAGUSD SL 87.73400 → 88.02500
[2026-05-13 17:08:55] ✅ [normal] BUY XAGUSD score=0.74 lot=0.01 sl=87.98900 tp=89.87600 rr=2.5 h1=UP
[2026-05-13 17:08:57] 📈 TRAIL BUY XAGUSD SL 88.02500 → 88.33000
[2026-05-13 17:08:59] 📈 TRAIL BUY XAGUSD SL 88.33000 → 88.38100
[2026-05-13 17:09:26] ✅ [sniper_breakout] BUY XAUUSD score=0.79 lot=0.01 sl=4681.97000 tp=4697.19000 rr=1.2 h1=DN
[2026-05-13 17:10:04] 📈 TRAIL BUY XAGUSD SL 88.38100 → 88.39600
[2026-05-13 17:10:10] 📈 TRAIL BUY XAGUSD SL 87.98900 → 88.22000
[2026-05-13 17:10:13] 📈 TRAIL BUY XAGUSD SL 88.22000 → 88.43300
[2026-05-13 17:10:15] 📈 TRAIL BUY XAGUSD SL 88.43300 → 88.49400
[2026-05-13 17:10:40] 🛑 SL CASCADE XAGUSD — ticket #1296309931 hit SL, net sibling P&L=+$12.15, closing 2 sibling(s)
[2026-05-13 17:10:40] 🔴 CASCADE CLOSED BUY XAGUSD #1296223520 lot=0.01 P&L=+$14.45
[2026-05-13 17:10:40] 🔴 CASCADE CLOSED BUY XAGUSD #1296312740 lot=0.01 P&L=-$2.30
[2026-05-13 17:10:40] ⏳ COOLDOWN [CASCADE] XAGUSD — no new entries for 300s (until 15:15:40 UTC)
[2026-05-13 17:10:54] ⚙ SETTINGS updated: trail_step=3
[2026-05-13 17:12:01] ⏳ COOLDOWN [TP/SL] GBPJPY — no new entries for 300s (until 15:17:01 UTC)
[2026-05-13 17:15:22] ⚠ EURUSD spread 18.0 > max 17.5
[2026-05-13 17:15:40] ✅ [sniper_impulse] BUY XAGUSD score=0.81 lot=0.01 sl=88.28900 tp=88.67800 rr=1.3 h1=UP
[2026-05-13 17:18:58] ✅ [sniper_impulse] BUY XAGUSD score=0.89 lot=0.01 sl=88.19200 tp=88.54600 rr=1.3 h1=UP
[2026-05-13 17:21:20] ⏳ COOLDOWN [SL] XAGUSD — no new entries for 300s (until 15:26:20 UTC)
[2026-05-13 17:22:35] 📈 TRAIL BUY XAGUSD SL 88.19200 → 88.29200
[2026-05-13 17:22:37] 📈 TRAIL BUY XAGUSD SL 88.29200 → 88.39000
[2026-05-13 17:22:39] 📈 TRAIL BUY XAGUSD SL 88.39000 → 88.41700
[2026-05-13 17:23:13] ⏳ COOLDOWN [TP/SL] XAGUSD — no new entries for 300s (until 15:28:13 UTC)
[2026-05-13 17:28:15] ✅ [sniper_impulse] BUY XAGUSD score=0.77 lot=0.01 sl=88.25500 tp=88.57700 rr=1.3 h1=UP
[2026-05-13 17:29:27] 📈 TRAIL BUY XAUUSD SL 4675.62000 → 4681.76000
[2026-05-13 17:29:29] 📈 TRAIL BUY XAUUSD SL 4681.76000 → 4687.82000
[2026-05-13 17:29:32] 📈 TRAIL BUY XAUUSD SL 4687.82000 → 4688.98000
[2026-05-13 17:30:17] 🛑 SL CASCADE XAUUSD — ticket #1296101840 hit SL, net sibling P&L=+$0.04, closing 1 sibling(s)
[2026-05-13 17:30:17] 🔴 CASCADE CLOSED BUY XAUUSD #1296316477 lot=0.01 P&L=+$0.04
[2026-05-13 17:30:17] ⏳ COOLDOWN [CASCADE] XAUUSD — no new entries for 300s (until 15:35:17 UTC)
[2026-05-13 17:30:19] ⏳ COOLDOWN [TP/SL] XAGUSD — no new entries for 300s (until 15:35:19 UTC)
[2026-05-13 17:35:21] ✅ [sniper_breakout] BUY XAGUSD score=0.57 lot=0.01 sl=88.18600 tp=89.00900 rr=1.2 h1=UP
[2026-05-13 17:35:29] ⚡ XAUUSD conflicting signals (1× BUY vs 1× SELL) — locking to BUY
[2026-05-13 17:35:29] ✅ [sniper_breakout] BUY XAUUSD score=0.68 lot=0.01 sl=4686.97000 tp=4707.23000 rr=1.2 h1=DN
[2026-05-13 17:35:58] ✅ [normal] BUY GBPJPY score=0.77 lot=0.11 sl=213.36100 tp=213.74600 rr=2.5 h1=FLAT
[2026-05-13 17:36:01] ✅ [normal] BUY XAGUSD score=0.68 lot=0.01 sl=88.18700 tp=89.77300 rr=2.5 h1=UP
[2026-05-13 17:40:24] ✅ [sniper_breakout] BUY XAUUSD score=0.64 lot=0.02 sl=4694.51000 tp=4705.33000 rr=1.2 h1=DN
[2026-05-13 17:43:31] 🚀 SCALPER MERGED STARTED — Normal + Crypto + Sniper (Breakout/Impulse/Reversion)
[2026-05-13 17:43:31] 📌 Session start: $2351.32
[2026-05-13 17:49:51] 📈 TRAIL BUY XAGUSD SL 88.18600 → 88.39000
[2026-05-13 17:49:54] 📈 TRAIL BUY XAGUSD SL 88.39000 → 88.61200
[2026-05-13 17:49:56] 📈 TRAIL BUY XAGUSD SL 88.61200 → 88.64100
[2026-05-13 17:50:44] ⏳ COOLDOWN [SL] XAGUSD — no new entries for 300s (until 15:55:44 UTC)
[2026-05-13 17:53:27] ⚠ USDJPY spread 27.0 > max 26.0
[2026-05-13 17:58:57] 🚀 SCALPER MERGED STARTED — Normal + Crypto + Sniper (Breakout/Impulse/Reversion)
[2026-05-13 17:58:57] 📌 Session start: $2351.32
[2026-05-13 18:00:41] ✅ [normal] BUY XAGUSD score=0.67 lot=0.01 sl=88.57800 tp=89.83800 rr=2.5 h1=UP
[2026-05-13 18:01:29] 📈 TRAIL BUY XAGUSD SL 88.18700 → 88.46200
[2026-05-13 18:01:31] 📈 TRAIL BUY XAGUSD SL 88.46200 → 88.73100
[2026-05-13 18:01:33] 📈 TRAIL BUY XAGUSD SL 88.73100 → 88.81200
[2026-05-13 18:01:37] ⏳ COOLDOWN [TP/SL] GBPJPY — no new entries for 300s (until 16:06:37 UTC)
[2026-05-13 18:04:27] 📈 TRAIL BUY XAGUSD SL 88.81200 → 88.84300
[2026-05-13 18:04:37] 🔴 CLOSE ALL: BUY XAUUSD #1296431490 lot=0.01 P&L=+$2.53
[2026-05-13 18:04:37] 🔴 CLOSE ALL: BUY XAGUSD #1296434700 lot=0.01 P&L=+$19.00
[2026-05-13 18:04:37] 🔴 CLOSE ALL: BUY XAUUSD #1296458839 lot=0.02 P&L=-$1.42
[2026-05-13 18:04:37] 🔴 CLOSE ALL: BUY XAGUSD #1296530888 lot=0.01 P&L=+$4.15
[2026-05-13 18:04:37] 🔴 CLOSE ALL complete — 4/4 positions closed
[2026-05-13 18:04:38] ⏳ COOLDOWN [TP/SL] XAUUSD — no new entries for 300s (until 16:09:38 UTC)
[2026-05-13 18:04:38] ⏳ COOLDOWN [TP/SL] XAGUSD — no new entries for 300s (until 16:09:38 UTC)
[2026-05-13 18:04:38] ⏳ COOLDOWN [TP/SL] XAUUSD — no new entries for 300s (until 16:09:38 UTC)
[2026-05-13 18:04:38] ⏳ COOLDOWN [TP/SL] XAGUSD — no new entries for 300s (until 16:09:38 UTC)
[2026-05-13 18:05:14] 🚀 SCALPER MERGED STARTED — Normal + Crypto + Sniper (Breakout/Impulse/Reversion)
[2026-05-13 18:05:14] 📌 Session start: $2351.32
[2026-05-13 18:05:58] ✅ [normal] BUY XAGUSD score=0.74 lot=0.01 sl=88.82900 tp=89.63100 rr=2.5 h1=UP
[2026-05-13 18:06:56] ⚙ SYMBOL ADDED: CL-OIL cat=Metals max_spread=90.0
[2026-05-13 18:09:53] ✅ [normal] BUY XAUUSD score=0.71 lot=0.02 sl=4696.54000 tp=4713.80000 rr=2.5 h1=FLAT
[2026-05-13 18:10:07] ✅ [normal] BUY XAGUSD score=0.70 lot=0.01 sl=88.90200 tp=89.80500 rr=2.5 h1=UP
[2026-05-13 18:10:18] 📈 TRAIL BUY XAGUSD SL 88.82900 → 88.97200
[2026-05-13 18:10:20] 📈 TRAIL BUY XAGUSD SL 88.97200 → 89.08800
[2026-05-13 18:10:22] 📈 TRAIL BUY XAGUSD SL 89.08800 → 89.15300
[2026-05-13 18:10:47] 🛑 SL CASCADE XAGUSD — ticket #1296551556 hit SL, net sibling P&L=+$0.35, closing 1 sibling(s)
[2026-05-13 18:10:47] 🔴 CASCADE CLOSED BUY XAGUSD #1296568216 lot=0.01 P&L=+$0.35
[2026-05-13 18:10:47] ⏳ COOLDOWN [CASCADE] XAGUSD — no new entries for 300s (until 16:15:47 UTC)
[2026-05-13 18:11:58] ❌ [sniper_impulse] CL-OIL retcode=10016
[2026-05-13 18:12:00] ❌ [sniper_impulse] CL-OIL retcode=10016
[2026-05-13 18:12:02] ❌ [sniper_impulse] CL-OIL retcode=10016
[2026-05-13 18:15:31] ✅ [sniper_breakout] BUY XAUUSD score=0.71 lot=0.02 sl=4699.21000 tp=4708.19000 rr=1.2 h1=FLAT
[2026-05-13 18:15:48] ✅ [sniper_breakout] BUY XAGUSD score=0.63 lot=0.01 sl=88.97500 tp=89.60000 rr=1.2 h1=UP
[2026-05-13 18:15:59] ❌ [sniper_impulse] CL-OIL retcode=10016
[2026-05-13 18:16:01] ❌ [sniper_impulse] CL-OIL retcode=10016
[2026-05-13 18:16:05] ❌ [sniper_impulse] CL-OIL retcode=10016
[2026-05-13 18:17:10] ⚙ SYMBOL REMOVED: CL-OIL
[2026-05-13 18:18:03] ⏳ COOLDOWN [SL] XAUUSD — no new entries for 300s (until 16:23:03 UTC)
[2026-05-13 18:18:16] ⏳ COOLDOWN [TP/SL] XAGUSD — no new entries for 300s (until 16:23:16 UTC)
[2026-05-13 18:19:04] 🚀 SCALPER MERGED STARTED — Normal + Crypto + Sniper (Breakout/Impulse/Reversion)
[2026-05-13 18:21:24] 🚀 SCALPER MERGED STARTED — Normal + Crypto + Sniper (Breakout/Impulse/Reversion)
[2026-05-13 18:21:24] 📌 Session start: $2351.32
[2026-05-13 18:21:24] ✅ [sniper_impulse] BUY XAGUSD score=0.82 lot=0.01 sl=88.93600 tp=89.43000 rr=1.3 h1=UP
[2026-05-13 18:21:57] ✅ [sniper_impulse] BUY XAGUSD score=0.86 lot=0.01 sl=88.93200 tp=89.25200 rr=1.3 h1=UP
[2026-05-13 18:23:16] ✅ [normal] BUY XAUUSD score=0.76 lot=0.02 sl=4698.68000 tp=4715.73000 rr=2.5 h1=FLAT
[2026-05-13 18:23:23] 📈 TRAIL BUY XAGUSD SL 88.93200 → 89.02300
[2026-05-13 18:23:25] 📈 TRAIL BUY XAGUSD SL 89.02300 → 89.09600
[2026-05-13 18:23:27] 📈 TRAIL BUY XAGUSD SL 89.09600 → 89.11900
[2026-05-13 18:24:07] 📈 TRAIL BUY XAUUSD SL 4696.54000 → 4699.94000
[2026-05-13 18:24:07] 📈 TRAIL BUY XAGUSD SL 89.11900 → 89.13700
[2026-05-13 18:24:07] ✅ [normal] BUY XAUUSD score=0.80 lot=0.01 sl=4698.68000 tp=4721.92000 rr=2.5 h1=FLAT
[2026-05-13 18:24:09] 📈 TRAIL BUY XAUUSD SL 4699.94000 → 4703.97000
[2026-05-13 18:24:09] 📈 TRAIL BUY XAGUSD SL 89.13700 → 89.14400
[2026-05-13 18:24:09] ✅ [normal] BUY XAGUSD score=0.67 lot=0.01 sl=88.93600 tp=90.02400 rr=2.5 h1=UP
[2026-05-13 18:24:11] 📈 TRAIL BUY XAGUSD SL 89.14400 → 89.15700
[2026-05-13 18:24:18] 📈 TRAIL BUY XAUUSD SL 4703.97000 → 4704.67000
[2026-05-13 18:24:18] 📈 TRAIL BUY XAUUSD SL 4698.68000 → 4702.40000
[2026-05-13 18:24:20] 📈 TRAIL BUY XAUUSD SL 4702.40000 → 4705.57000
[2026-05-13 18:24:28] 🛑 SL CASCADE XAGUSD — ticket #1296619927 hit SL, net sibling P&L=+$6.10, closing 2 sibling(s)
[2026-05-13 18:24:28] 🔴 CASCADE CLOSED BUY XAGUSD #1296618226 lot=0.01 P&L=+$5.45
[2026-05-13 18:24:29] 🔴 CASCADE CLOSED BUY XAGUSD #1296631332 lot=0.01 P&L=+$0.65
[2026-05-13 18:24:29] ⏳ COOLDOWN [CASCADE] XAGUSD — no new entries for 300s (until 16:29:29 UTC)
[2026-05-13 18:24:29] 📈 TRAIL BUY XAUUSD SL 4704.67000 → 4704.72000
[2026-05-13 18:24:29] 📈 TRAIL BUY XAUUSD SL 4705.57000 → 4705.94000
[2026-05-13 18:24:29] ✅ [normal] BUY XAUUSD score=0.80 lot=0.01 sl=4698.68000 tp=4732.17000 rr=2.5 h1=FLAT
[2026-05-13 18:24:31] 📈 TRAIL BUY XAUUSD SL 4704.72000 → 4705.09000
[2026-05-13 18:24:37] 📈 TRAIL BUY XAUUSD SL 4705.09000 → 4705.22000
[2026-05-13 18:24:38] 📈 TRAIL BUY XAUUSD SL 4705.94000 → 4706.73000
[2026-05-13 18:24:38] 📈 TRAIL BUY XAUUSD SL 4698.68000 → 4702.67000
[2026-05-13 18:24:40] 📈 TRAIL BUY XAUUSD SL 4705.22000 → 4705.36000
[2026-05-13 18:24:40] 📈 TRAIL BUY XAUUSD SL 4702.67000 → 4706.49000
[2026-05-13 18:24:42] 📈 TRAIL BUY XAUUSD SL 4706.49000 → 4707.75000
[2026-05-13 18:24:48] 🛑 SL CASCADE XAUUSD — ticket #1296624281 hit SL, net sibling P&L=+$7.63, closing 2 sibling(s)
[2026-05-13 18:24:48] 🔴 CASCADE CLOSED BUY XAUUSD #1296565553 lot=0.02 P&L=+$9.62
[2026-05-13 18:24:49] 🔴 CASCADE CLOSED BUY XAUUSD #1296637399 lot=0.01 P&L=-$1.99
[2026-05-13 18:24:49] ⏳ COOLDOWN [CASCADE] XAUUSD — no new entries for 300s (until 16:29:49 UTC)
[2026-05-13 18:24:49] ⏳ COOLDOWN [TP/SL] XAUUSD — no new entries for 300s (until 16:29:49 UTC)
[2026-05-13 18:28:49] 🚀 SCALPER MERGED STARTED — Normal + Crypto + Sniper (Breakout/Impulse/Reversion)
[2026-05-13 18:28:49] 📌 Session start: $2351.32
[2026-05-13 18:28:49] ✅ [normal] BUY XAUUSD score=0.76 lot=0.01 sl=4701.77000 tp=4729.38000 rr=2.5 h1=FLAT
[2026-05-13 18:28:49] ✅ [normal] BUY XAGUSD score=0.64 lot=0.01 sl=89.07300 tp=89.99700 rr=2.5 h1=UP
[2026-05-13 18:31:03] ⚠ GBPAUD spread 25.0 > max 22.0
[2026-05-13 18:31:14] ⏳ COOLDOWN [TP/SL] XAGUSD — no new entries for 300s (until 16:36:14 UTC)
[2026-05-13 18:31:14] ⚠ EURNZD spread 29.0 > max 18.0
[2026-05-13 18:32:06] ✅ [sniper_impulse] BUY XAUUSD score=0.93 lot=0.02 sl=4702.01000 tp=4709.62000 rr=1.3 h1=FLAT
[2026-05-13 18:38:37] 🚀 SCALPER MERGED STARTED — Normal + Crypto + Sniper (Breakout/Impulse/Reversion)
[2026-05-13 18:38:37] 📌 Session start: $2351.32
[2026-05-13 18:38:38] ✅ [sniper_breakout] SELL XAUUSD score=0.78 lot=0.03 sl=4704.70000 tp=4698.17000 rr=1.2 h1=FLAT
[2026-05-13 18:38:38] ✅ [sniper_impulse] BUY XAGUSD score=0.80 lot=0.01 sl=89.02200 tp=89.32800 rr=1.3 h1=UP
[2026-05-13 18:38:46] ✅ [sniper_breakout] BUY XAGUSD score=0.73 lot=0.01 sl=89.03800 tp=89.44900 rr=1.2 h1=UP
[2026-05-13 18:39:03] 📈 TRAIL BUY XAGUSD SL 89.02200 → 89.08800
[2026-05-13 18:39:05] 📈 TRAIL BUY XAGUSD SL 89.08800 → 89.16900
[2026-05-13 18:39:07] 📈 TRAIL BUY XAGUSD SL 89.16900 → 89.21200
[2026-05-13 18:40:03] ⏳ COOLDOWN [SL] XAGUSD — no new entries for 300s (until 16:45:03 UTC)
[2026-05-13 18:40:48] ✅ [sniper_impulse] SELL XAUUSD score=0.43 lot=0.02 sl=4704.27000 tp=4695.30000 rr=1.3 h1=DN
[2026-05-13 18:41:17] ⏳ COOLDOWN [TP/SL] XAGUSD — no new entries for 300s (until 16:46:17 UTC)
[2026-05-13 18:45:07] 📈 TRAIL SELL XAUUSD SL 4704.70000 → 4703.01000
[2026-05-13 18:45:10] 📈 TRAIL SELL XAUUSD SL 4703.01000 → 4701.42000
[2026-05-13 18:45:12] 📈 TRAIL SELL XAUUSD SL 4701.42000 → 4700.91000
[2026-05-13 18:45:18] ⏳ COOLDOWN [SL] XAUUSD — no new entries for 300s (until 16:50:18 UTC)
[2026-05-13 18:46:18] ✅ [sniper_impulse] SELL XAGUSD score=0.63 lot=0.01 sl=89.15700 tp=88.86300 rr=1.3 h1=UP
[2026-05-13 18:46:29] ✅ [sniper_impulse] SELL XAGUSD score=0.59 lot=0.01 sl=89.11400 tp=88.81300 rr=1.3 h1=UP
[2026-05-13 18:47:39] ⏳ COOLDOWN [SL] XAGUSD — no new entries for 300s (until 16:52:39 UTC)
[2026-05-13 18:48:54] 🚀 SCALPER MERGED STARTED — Normal + Crypto + Sniper (Breakout/Impulse/Reversion)
[2026-05-13 18:48:54] 📌 Session start: $2351.32
[2026-05-13 18:49:14] ✅ [sniper_impulse] SELL XAGUSD score=0.54 lot=0.01 sl=89.10800 tp=88.80400 rr=1.3 spread=19.0 h1=UP
[2026-05-13 18:49:27] 📈 TRAIL SELL XAGUSD SL 89.15700 → 89.09700
[2026-05-13 18:49:29] 📈 TRAIL SELL XAGUSD SL 89.09700 → 89.03300
[2026-05-13 18:49:31] ⚠ TRAIL failed XAGUSD retcode=10016
[2026-05-13 18:49:33] 📈 TRAIL SELL XAGUSD SL 89.03300 → 89.00400
[2026-05-13 18:49:44] 📈 TRAIL SELL XAGUSD SL 89.00400 → 88.99900
[2026-05-13 18:49:46] 📈 TRAIL SELL XAGUSD SL 88.99900 → 88.98700
[2026-05-13 18:49:56] ⏳ COOLDOWN [SL] XAGUSD — no new entries for 300s (until 16:54:56 UTC)
[2026-05-13 18:50:42] 📈 TRAIL SELL XAGUSD SL 89.10800 → 89.03000
[2026-05-13 18:50:44] 📈 TRAIL SELL XAGUSD SL 89.03000 → 88.95700
[2026-05-13 18:50:46] 📈 TRAIL SELL XAGUSD SL 88.95700 → 88.91900
[2026-05-13 18:50:58] ⏳ COOLDOWN [TP/SL] XAGUSD — no new entries for 300s (until 16:55:58 UTC)
[2026-05-13 18:51:01] 📈 TRAIL SELL XAUUSD SL 4704.27000 → 4701.93000
[2026-05-13 18:51:03] 📈 TRAIL SELL XAUUSD SL 4701.93000 → 4699.89000
[2026-05-13 18:51:05] 📈 TRAIL SELL XAUUSD SL 4699.89000 → 4698.62000
[2026-05-13 18:53:28] 📈 TRAIL SELL XAUUSD SL 4698.62000 → 4698.57000
[2026-05-13 18:53:44] 📈 TRAIL SELL XAUUSD SL 4698.57000 → 4698.15000
[2026-05-13 18:54:46] 📈 TRAIL SELL XAUUSD SL 4698.15000 → 4698.03000
[2026-05-13 18:58:04] 📈 TRAIL SELL XAUUSD SL 4698.03000 → 4697.79000
[2026-05-13 18:58:06] ⏳ COOLDOWN [TP/SL] XAUUSD — no new entries for 300s (until 17:03:06 UTC)
